Log file open, 09/27/17 20:53:59
LogWindows: LoadLibraryWithSearchPaths failed for file aqProf.dll. GetLastError=0
LogWindows: LoadLibraryWithSearchPaths failed for file VSPerf140.dll. GetLastError=0
LogWindows: LoadLibraryWithSearchPaths failed for file VtuneApi.dll. GetLastError=0
LogWindows: LoadLibraryWithSearchPaths failed for file VtuneApi32e.dll. GetLastError=0
LogInit: Display: Running engine for game: MyProject
LogPlatformFile: Not using cached read wrapper
LogInit: Display: RandInit(1495956963) SRandInit(1495956963).
LogTaskGraph: Started task graph with 5 named threads and 14 total threads with 3 sets of task threads.
LogStats: Stats thread started at 0.172605
LogD3D11RHI: Aftermath initialized
LogPluginManager: Mounting plugin Paper2D
LogPluginManager: Mounting plugin LightPropagationVolume
LogPluginManager: Mounting plugin CodeLiteSourceCodeAccess
LogPluginManager: Mounting plugin GitSourceControl
LogPluginManager: Mounting plugin KDevelopSourceCodeAccess
LogPluginManager: Mounting plugin NullSourceCodeAccess
LogPluginManager: Mounting plugin PerforceSourceControl
LogPluginManager: Mounting plugin SubversionSourceControl
LogPluginManager: Mounting plugin UObjectPlugin
LogPluginManager: Mounting plugin VisualStudioSourceCodeAccess
LogPluginManager: Mounting plugin XCodeSourceCodeAccess
LogPluginManager: Mounting plugin AssetManagerEditor
LogPluginManager: Mounting plugin AudioCapture
LogPluginManager: Mounting plugin FacialAnimation
LogPluginManager: Mounting plugin GameplayTagsEditor
LogPluginManager: Mounting plugin MobileLauncherProfileWizard
LogPluginManager: Mounting plugin PluginBrowser
LogPluginManager: Mounting plugin SpeedTreeImporter
LogPluginManager: Mounting plugin AlembicImporter
LogPluginManager: Mounting plugin CharacterAI
LogPluginManager: Mounting plugin HTML5Networking
LogPluginManager: Mounting plugin AndroidMedia
LogPluginManager: Mounting plugin AvfMedia
LogPluginManager: Mounting plugin MediaPlayerEditor
LogPluginManager: Mounting plugin WmfMedia
LogPluginManager: Mounting plugin TcpMessaging
LogPluginManager: Mounting plugin UdpMessaging
LogPluginManager: Mounting plugin LevelSequenceEditor
LogPluginManager: Mounting plugin MatineeToLevelSequence
LogPluginManager: Mounting plugin OnlineSubsystemGooglePlay
LogPluginManager: Mounting plugin OnlineSubsystemIOS
LogPluginManager: Mounting plugin OnlineSubsystem
LogPluginManager: Mounting plugin OnlineSubsystemNull
LogPluginManager: Mounting plugin OnlineSubsystemUtils
LogPluginManager: Mounting plugin AndroidDeviceProfileSelector
LogPluginManager: Mounting plugin AndroidMoviePlayer
LogPluginManager: Mounting plugin AndroidPermission
LogPluginManager: Mounting plugin AppleMoviePlayer
LogPluginManager: Mounting plugin ArchVisCharacter
LogPluginManager: Mounting plugin CableComponent
LogPluginManager: Mounting plugin CustomMeshComponent
LogPluginManager: Mounting plugin ExampleDeviceProfileSelector
LogPluginManager: Mounting plugin GoogleCloudMessaging
LogPluginManager: Mounting plugin ImmediatePhysics
LogPluginManager: Mounting plugin IOSDeviceProfileSelector
LogPluginManager: Mounting plugin LinuxDeviceProfileSelector
LogPluginManager: Mounting plugin LocationServicesBPLibrary
LogPluginManager: Mounting plugin MobilePatchingUtils
LogPluginManager: Mounting plugin OculusVR
LogPluginManager: Mounting plugin PhysXVehicles
LogPluginManager: Mounting plugin ProceduralMeshComponent
LogPluginManager: Mounting plugin RuntimePhysXCooking
LogPluginManager: Mounting plugin SteamVR
LogPluginManager: Mounting plugin WindowsMoviePlayer
LogInit: Using libcurl 7.47.1
LogInit:  - built for x86_64-pc-win32
LogInit:  - supports SSL with OpenSSL/1.0.2g
LogInit:  - supports HTTP deflate (compression) using libz 1.2.8
LogInit:  - other features:
LogInit:      CURL_VERSION_SSL
LogInit:      CURL_VERSION_LIBZ
LogInit:      CURL_VERSION_IPV6
LogInit:      CURL_VERSION_ASYNCHDNS
LogInit:      CURL_VERSION_LARGEFILE
LogInit:      CURL_VERSION_IDN
LogInit:  CurlRequestOptions (configurable via config and command line):
LogInit:  - bVerifyPeer = false  - Libcurl will NOT verify peer certificate
LogInit:  - bUseHttpProxy = false  - Libcurl will NOT use HTTP proxy
LogInit:  - bDontReuseConnections = false  - Libcurl will reuse connections
LogInit:  - CertBundlePath = nullptr  - Libcurl will use whatever was configured at build time.
LogInit: Build: ++UE4+Release-4.17-CL-3586342
LogInit: Engine Version: 4.17.1-3586342+++UE4+Release-4.17
LogInit: Compatible Engine Version: 4.17.0-3573198+++UE4+Release-4.17
LogInit: Net CL: 3573198
LogDevObjectVersion: Number of dev versions registered: 16
LogDevObjectVersion:   Dev-Blueprints (B0D832E4-1F89-4F0D-ACCF-7EB736FD4AA2): 10
LogDevObjectVersion:   Dev-Build (E1C64328-A22C-4D53-A36C-8E866417BD8C): 0
LogDevObjectVersion:   Dev-Core (375EC13C-06E4-48FB-B500-84F0262A717E): 2
LogDevObjectVersion:   Dev-Editor (E4B068ED-F494-42E9-A231-DA0B2E46BB41): 20
LogDevObjectVersion:   Dev-Framework (CFFC743F-43B0-4480-9391-14DF171D2073): 28
LogDevObjectVersion:   Dev-Mobile (B02B49B5-BB20-44E9-A304-32B752E40360): 0
LogDevObjectVersion:   Dev-Networking (A4E4105C-59A1-49B5-A7C5-40C4547EDFEE): 0
LogDevObjectVersion:   Dev-Online (39C831C9-5AE6-47DC-9A44-9C173E1C8E7C): 0
LogDevObjectVersion:   Dev-Physics (78F01B33-EBEA-4F98-B9B4-84EACCB95AA2): 0
LogDevObjectVersion:   Dev-Platform (6631380F-2D4D-43E0-8009-CF276956A95A): 0
LogDevObjectVersion:   Dev-Rendering (12F88B9F-8875-4AFC-A67C-D90C383ABD29): 19
LogDevObjectVersion:   Dev-Sequencer (7B5AE74C-D270-4C10-A958-57980B212A5A): 4
LogDevObjectVersion:   Dev-VR (D7296918-1DD6-4BDD-9DE2-64A83CC13884): 0
LogDevObjectVersion:   Dev-LoadTimes (C2A15278-BFE7-4AFE-6C17-90FF531DF755): 1
LogDevObjectVersion:   Private-Geometry (6EACA3D4-40EC-4CC1-B786-8BED09428FC5): 1
LogDevObjectVersion:   Dev-AnimPhys (29E575DD-E0A3-4627-9D10-D276232CDCEA): 7
LogInit: Compiled (64-bit): Aug 15 2017 02:05:26
LogInit: Compiled with Visual C++: 19.00.24215.01
LogInit: Build Configuration: Development
LogInit: Branch Name: ++UE4+Release-4.17
LogInit: Command line: -EpicPortal 
LogInit: Base directory: F:/Application/UE_4.17/Engine/Binaries/Win64/
LogInit: Installed Engine Build: 1
LogInit: Presizing for max 8388607 objects, including 0 objects not considered by GC, pre-allocating 0 bytes for permanent pool.
LogInit: Object subsystem initialized
[2017.09.27-18.54.00:335][  0]LogInit: Selected Device Profile: [Windows]
[2017.09.27-18.54.00:335][  0]LogInit: Applying CVar settings loaded from the selected device profile: [Windows]
[2017.09.27-18.54.00:344][  0]LogInit: Computer: DESKTOP-IJ4UV9Q
[2017.09.27-18.54.00:344][  0]LogInit: User: Utilisateur
[2017.09.27-18.54.00:344][  0]LogInit: CPU Page size=4096, Cores=4
[2017.09.27-18.54.00:344][  0]LogInit: High frequency timer resolution =2.648435 MHz
[2017.09.27-18.54.00:344][  0]LogMemory: Memory total: Physical=15.9GB (16GB approx)
[2017.09.27-18.54.00:344][  0]LogMemory: Platform Memory Stats for Windows
[2017.09.27-18.54.00:344][  0]LogMemory: Process Physical Memory: 277.23 MB used, 277.23 MB peak
[2017.09.27-18.54.00:344][  0]LogMemory: Process Virtual Memory: 274.13 MB used, 274.13 MB peak
[2017.09.27-18.54.00:344][  0]LogMemory: Physical Memory: 12864.25 MB used,  3400.50 MB free, 16264.75 MB total
[2017.09.27-18.54.00:344][  0]LogMemory: Virtual Memory: 669.29 MB used,  3400.50 MB free, 134217728.00 MB total
[2017.09.27-18.54.00:483][  0]LogInit: Using OS detected language (fr-FR).
[2017.09.27-18.54.00:483][  0]LogInit: Using OS detected locale (fr-CA).
[2017.09.27-18.54.00:489][  0]LogTextLocalizationManager: No localization for 'fr-FR' exists, so 'en' will be used for the language.
[2017.09.27-18.54.00:490][  0]LogTextLocalizationManager: No localization for 'fr-CA' exists, so 'en' will be used for the locale.
[2017.09.27-18.54.01:340][  0]LogD3D11RHI: D3D11 adapters:
[2017.09.27-18.54.02:013][  0]LogD3D11RHI:    0. 'NVIDIA GeForce GTX 1060 3GB' (Feature Level 11_0)
[2017.09.27-18.54.02:013][  0]LogD3D11RHI:       2993/0/8132 MB DedicatedVideo/DedicatedSystem/SharedSystem, Outputs:2, VendorId:0x10de
[2017.09.27-18.54.02:020][  0]LogD3D11RHI:    1. 'Intel(R) HD Graphics 530' (Feature Level 11_0)
[2017.09.27-18.54.02:020][  0]LogD3D11RHI:       128/0/8132 MB DedicatedVideo/DedicatedSystem/SharedSystem, Outputs:1, VendorId:0x8086
[2017.09.27-18.54.02:021][  0]LogD3D11RHI:    2. 'Microsoft Basic Render Driver' (Feature Level 11_0)
[2017.09.27-18.54.02:021][  0]LogD3D11RHI:       0/0/8132 MB DedicatedVideo/DedicatedSystem/SharedSystem, Outputs:0, VendorId:0x1414
[2017.09.27-18.54.02:021][  0]LogD3D11RHI: Chosen D3D11 Adapter: 0
[2017.09.27-18.54.02:028][  0]LogD3D11RHI: Creating new Direct3DDevice
[2017.09.27-18.54.02:028][  0]LogD3D11RHI:     GPU DeviceId: 0x1c02 (for the marketing name, search the web for "GPU Device Id")
[2017.09.27-18.54.02:028][  0]LogWindows: EnumDisplayDevices:
[2017.09.27-18.54.02:028][  0]LogWindows:    0. 'Intel(R) HD Graphics 530' (P:0 D:1)
[2017.09.27-18.54.02:028][  0]LogWindows:    1. 'Intel(R) HD Graphics 530' (P:0 D:0)
[2017.09.27-18.54.02:028][  0]LogWindows:    2. 'Intel(R) HD Graphics 530' (P:0 D:0)
[2017.09.27-18.54.02:029][  0]LogWindows:    3. 'NVIDIA GeForce GTX 1060 3GB' (P:1 D:1)
[2017.09.27-18.54.02:029][  0]LogWindows:    4. 'NVIDIA GeForce GTX 1060 3GB' (P:0 D:1)
[2017.09.27-18.54.02:029][  0]LogWindows:    5. 'NVIDIA GeForce GTX 1060 3GB' (P:0 D:0)
[2017.09.27-18.54.02:029][  0]LogWindows:    6. 'NVIDIA GeForce GTX 1060 3GB' (P:0 D:0)
[2017.09.27-18.54.02:029][  0]LogWindows: DebugString: PrimaryIsNotTheChoosenAdapter PrimaryIsNotTheChoosenAdapter PrimaryIsNotTheChoosenAdapter FoundDriverCount:4 
[2017.09.27-18.54.02:029][  0]LogD3D11RHI:     Adapter Name: NVIDIA GeForce GTX 1060 3GB
[2017.09.27-18.54.02:029][  0]LogD3D11RHI:   Driver Version: 384.94 (internal:22.21.13.8494, unified:384.94)
[2017.09.27-18.54.02:029][  0]LogD3D11RHI:      Driver Date: 7-18-2017
[2017.09.27-18.54.02:029][  0]LogRHI: Texture pool is 1361 MB (70% of 1945 MB)
[2017.09.27-18.54.02:638][  0]LogD3D11RHI: Async texture creation enabled
[2017.09.27-18.54.02:655][  0]LogD3D11RHI: GPU Timing Frequency: 1000.000000 (Debug: 2 1)
[2017.09.27-18.54.02:662][  0]LogShaderCompilers: Guid format shader working directory is 3 characters bigger than the processId version (../../../../../Document/GitHub/No_name/MyProject/Intermediate/Shaders/WorkingDirectory/15652/).
[2017.09.27-18.54.02:662][  0]LogShaderCompilers: Cleaned the shader compiler working directory 'C:/Users/Utilisateur/AppData/Local/Temp/UnrealShaderWorkingDir/61D16A2042CE2D8A5529889B42700667/'.
[2017.09.27-18.54.02:662][  0]LogShaderCompilers: Display: Using Local Shader Compiler.
[2017.09.27-18.54.03:584][  0]LogTemp: Display: Loaded TP AllDesktopTargetPlatform
[2017.09.27-18.54.03:633][  0]LogTemp: Display: Loaded TP MacClientTargetPlatform
[2017.09.27-18.54.03:682][  0]LogTemp: Display: Loaded TP MacNoEditorTargetPlatform
[2017.09.27-18.54.03:730][  0]LogTemp: Display: Loaded TP MacServerTargetPlatform
[2017.09.27-18.54.03:778][  0]LogTemp: Display: Loaded TP MacTargetPlatform
[2017.09.27-18.54.03:826][  0]LogTemp: Display: Loaded TP WindowsClientTargetPlatform
[2017.09.27-18.54.03:875][  0]LogTemp: Display: Loaded TP WindowsNoEditorTargetPlatform
[2017.09.27-18.54.03:922][  0]LogTemp: Display: Loaded TP WindowsServerTargetPlatform
[2017.09.27-18.54.03:966][  0]LogTemp: Display: Loaded TP WindowsTargetPlatform
[2017.09.27-18.54.04:010][  0]LogTemp: Display: Loaded TP AndroidTargetPlatform
[2017.09.27-18.54.04:057][  0]LogTemp: Display: Loaded TP Android_ASTCTargetPlatform
[2017.09.27-18.54.04:103][  0]LogTemp: Display: Loaded TP Android_ATCTargetPlatform
[2017.09.27-18.54.04:149][  0]LogTemp: Display: Loaded TP Android_DXTTargetPlatform
[2017.09.27-18.54.04:194][  0]LogTemp: Display: Loaded TP Android_ETC1TargetPlatform
[2017.09.27-18.54.04:238][  0]LogTemp: Display: Loaded TP Android_ETC2TargetPlatform
[2017.09.27-18.54.04:331][  0]LogTemp: Display: Loaded TP Android_MultiTargetPlatform
[2017.09.27-18.54.04:331][  0]LogTemp: Display: Loaded TP Android_PVRTCTargetPlatform
[2017.09.27-18.54.04:365][  0]LogTemp: Display: Loaded TP HTML5TargetPlatform
[2017.09.27-18.54.04:447][  0]LogTemp: Display: Loaded TP IOSTargetPlatform
[2017.09.27-18.54.04:471][  0]LogTemp: Display: Loaded TP TVOSTargetPlatform
[2017.09.27-18.54.04:516][  0]LogTemp: Display: Loaded TP LinuxClientTargetPlatform
[2017.09.27-18.54.04:563][  0]LogTemp: Display: Loaded TP LinuxNoEditorTargetPlatform
[2017.09.27-18.54.04:609][  0]LogTemp: Display: Loaded TP LinuxServerTargetPlatform
[2017.09.27-18.54.04:657][  0]LogTemp: Display: Loaded TP LinuxTargetPlatform
[2017.09.27-18.54.04:657][  0]LogTargetPlatformManager: Display: Building Assets For Windows
[2017.09.27-18.54.05:043][  0]LogDerivedDataCache: Display: Max Cache Size: 512 MB
[2017.09.27-18.54.05:149][  0]LogDerivedDataCache: Loaded boot cache 0.11s 93MB C:/Users/Utilisateur/AppData/Local/UnrealEngine/4.17/DerivedDataCache/Boot.ddc.
[2017.09.27-18.54.05:149][  0]LogDerivedDataCache: Display: Loaded Boot cache: C:/Users/Utilisateur/AppData/Local/UnrealEngine/4.17/DerivedDataCache/Boot.ddc
[2017.09.27-18.54.05:149][  0]LogDerivedDataCache: FDerivedDataBackendGraph:  Pak pak cache file ../../../../../Document/GitHub/No_name/MyProject/DerivedDataCache/DDC.ddp not found, will not use a pak cache.
[2017.09.27-18.54.05:149][  0]LogDerivedDataCache: Unable to find inner node Pak for hierarchical cache Hierarchy.
[2017.09.27-18.54.05:149][  0]LogDerivedDataCache: FDerivedDataBackendGraph:  CompressedPak pak cache file ../../../../../Document/GitHub/No_name/MyProject/DerivedDataCache/Compressed.ddp not found, will not use a pak cache.
[2017.09.27-18.54.05:149][  0]LogDerivedDataCache: Unable to find inner node CompressedPak for hierarchical cache Hierarchy.
[2017.09.27-18.54.05:168][  0]LogDerivedDataCache: Display: Pak cache opened for reading ../../../Engine/DerivedDataCache/Compressed.ddp.
[2017.09.27-18.54.05:181][  0]LogDerivedDataCache: Using Local data cache path C:/Users/Utilisateur/AppData/Local/UnrealEngine/Common/DerivedDataCache: Writable
[2017.09.27-18.54.05:192][  0]LogMaterial: Verifying Global Shaders for PCD3D_SM5
[2017.09.27-18.54.05:193][  0]LogSlate: Using Freetype 2.6.0
[2017.09.27-18.54.05:194][  0]LogSlate: SlateFontCache - WITH_FREETYPE: 1, WITH_HARFBUZZ: 1
[2017.09.27-18.54.05:194][  0]LogSlate: SlateFontCache - WITH_FREETYPE: 1, WITH_HARFBUZZ: 1
[2017.09.27-18.54.05:495][  0]LogAssetRegistry: FAssetRegistry took 0.0258 seconds to start up
[2017.09.27-18.54.05:616][  0]LogInit: Selected Device Profile: [Windows]
[2017.09.27-18.54.05:770][  0]LogContentStreaming: Texture pool size is 0.00 MB
[2017.09.27-18.54.06:047][  0]LogSimplygon: Simplygon DLL not present - disabling.
[2017.09.27-18.54.06:081][  0]LogMeshReduction: Using SimplygonSwarm for distributed automatic mesh merging
[2017.09.27-18.54.06:081][  0]LogMeshReduction: Using QuadricMeshReduction for automatic static mesh reduction
[2017.09.27-18.54.06:081][  0]LogMeshReduction: No automatic skeletal mesh reduction module available
[2017.09.27-18.54.06:081][  0]LogMeshReduction: No automatic mesh merging module available
[2017.09.27-18.54.06:081][  0]LogMeshMerging: No automatic mesh merging module available
[2017.09.27-18.54.06:455][  0]LogNetVersion: MyProject , NetCL: 3573198, EngineNetVer: 2, GameNetVer: 0 (Checksum: 3113362612)
[2017.09.27-18.54.06:644][  0]LogPackageLocalizationCache: Processed 5 localized package path(s) for 1 prioritized culture(s) in 0.024025 seconds
[2017.09.27-18.54.06:650][  0]LogUObjectArray: 35825 objects as part of root set at end of initial load.
[2017.09.27-18.54.06:650][  0]LogUObjectAllocator: 7529112 out of 0 bytes used by permanent object pool.
[2017.09.27-18.54.06:650][  0]LogUObjectArray: CloseDisregardForGC: 0/0 objects in disregard for GC pool
[2017.09.27-18.54.06:693][  0]LogInit: WinSock: version 1.1 (2.2), MaxSocks=32767, MaxUdp=65467
[2017.09.27-18.54.09:277][  0]LogTcpMessaging: Initializing TcpMessaging bridge
[2017.09.27-18.54.09:317][  0]LogUdpMessaging: Initializing bridge on interface 0.0.0.0:0 to multicast group 230.0.0.1:6666.
[2017.09.27-18.54.09:895][  0]LogMaterial: Uniform references updated for custom material expression Custom.
[2017.09.27-18.54.10:270][  0]SourceControl: Source control is disabled
[2017.09.27-18.54.10:270][  0]SourceControl: Source control is disabled
[2017.09.27-18.54.10:312][  0]SourceControl: Source control is disabled
[2017.09.27-18.54.10:355][  0]SourceControl: Source control is disabled
[2017.09.27-18.54.10:868][  0]LogAndroidPermission: UAndroidPermissionCallbackProxy::GetInstance
[2017.09.27-18.54.11:084][  0]LogOcInput: OculusInput pre-init called
[2017.09.27-18.54.11:311][  0]LogEngine: Initializing Engine...
[2017.09.27-18.54.11:314][  0]LogHMD: Failed to initialize OpenVR with code 110
[2017.09.27-18.54.11:551][  0]LogStats: UGameplayTagsManager::ConstructGameplayTagTree: Construct from data asset -  0.000 s
[2017.09.27-18.54.11:551][  0]LogStats: UGameplayTagsManager::ConstructGameplayTagTree: GameplayTagTreeChangedEvent.Broadcast -  0.000 s
[2017.09.27-18.54.11:661][  0]LogAIModule: Creating AISystem for world Untitled
[2017.09.27-18.54.11:671][  0]LogInit: XAudio2 using 'Haut-parleurs (Realtek High Definition Audio)' : 2 channels at 48 kHz using 32 bits per sample (channel mask 0x3)
[2017.09.27-18.54.11:686][  0]LogInit: FAudioDevice initialized.
[2017.09.27-18.54.11:797][  0]LogDerivedDataCache: Saved boot cache 0.11s 93MB C:/Users/Utilisateur/AppData/Local/UnrealEngine/4.17/DerivedDataCache/Boot.ddc.
[2017.09.27-18.54.11:802][  0]LogInit: Texture streaming: Enabled
[2017.09.27-18.54.11:884][  0]LogEngineSessionManager: EngineSessionManager initialized
[2017.09.27-18.54.12:070][  0]LogInit: Transaction tracking system initialized
[2017.09.27-18.54.12:335][  0]BlueprintLog: New page: Editor Load
[2017.09.27-18.54.13:130][  0]LocalizationService: Localization service is disabled
[2017.09.27-18.54.13:776][  0]LogConsoleResponse: Display: 
[2017.09.27-18.54.13:946][  0]LogFileCache: Scanning file cache for directory 'F:/Document/GitHub/No_name/MyProject/Content/' took 0.01s
[2017.09.27-18.54.13:946][  0]LogCook: Display: Max memory allowance for cook 16384mb min free memory 0mb
[2017.09.27-18.54.13:946][  0]LogCook: Display: Mobile HDR setting 1
[2017.09.27-18.54.13:946][  0]LogGameplayTags: Display: UGameplayTagsManager::DoneAddingNativeTags. DelegateIsBound: 0
[2017.09.27-18.54.14:886][  0]SourceControl: Source control is disabled
[2017.09.27-18.54.14:953][  0]LogFactory: FactoryCreateFile: PackFactory with PackFactory (0 0 F:/Application/UE_4.17/FeaturePacks/StarterContent.upack)
[2017.09.27-18.54.15:017][  0]LogPackFactory: Finished extracting 8 files (including 0 errors).
[2017.09.27-18.54.15:021][  0]LogPackFactory: Copied "../../../Samples/StarterContent/Content/StarterContent/Architecture/Floor_400x400.uasset" to "../../../../../Document/GitHub/No_name/MyProject/Content/StarterContent/Architecture/Floor_400x400.uasset"
[2017.09.27-18.54.15:026][  0]LogPackFactory: Copied "../../../Samples/StarterContent/Content/StarterContent/Architecture/Pillar_50x500.uasset" to "../../../../../Document/GitHub/No_name/MyProject/Content/StarterContent/Architecture/Pillar_50x500.uasset"
[2017.09.27-18.54.15:036][  0]LogPackFactory: Copied "../../../Samples/StarterContent/Content/StarterContent/Architecture/SM_AssetPlatform.uasset" to "../../../../../Document/GitHub/No_name/MyProject/Content/StarterContent/Architecture/SM_AssetPlatform.uasset"
[2017.09.27-18.54.15:038][  0]LogPackFactory: Copied "../../../Samples/StarterContent/Content/StarterContent/Architecture/Wall_400x200.uasset" to "../../../../../Document/GitHub/No_name/MyProject/Content/StarterContent/Architecture/Wall_400x200.uasset"
[2017.09.27-18.54.15:045][  0]LogPackFactory: Copied "../../../Samples/StarterContent/Content/StarterContent/Architecture/Wall_400x300.uasset" to "../../../../../Document/GitHub/No_name/MyProject/Content/StarterContent/Architecture/Wall_400x300.uasset"
[2017.09.27-18.54.15:048][  0]LogPackFactory: Copied "../../../Samples/StarterContent/Content/StarterContent/Architecture/Wall_400x400.uasset" to "../../../../../Document/GitHub/No_name/MyProject/Content/StarterContent/Architecture/Wall_400x400.uasset"
[2017.09.27-18.54.15:049][  0]LogPackFactory: Copied "../../../Samples/StarterContent/Content/StarterContent/Architecture/Wall_500x500.uasset" to "../../../../../Document/GitHub/No_name/MyProject/Content/StarterContent/Architecture/Wall_500x500.uasset"
[2017.09.27-18.54.15:051][  0]LogPackFactory: Copied "../../../Samples/StarterContent/Content/StarterContent/Architecture/Wall_Door_400x300.uasset" to "../../../../../Document/GitHub/No_name/MyProject/Content/StarterContent/Architecture/Wall_Door_400x300.uasset"
[2017.09.27-18.54.15:052][  0]LogPackFactory: Copied "../../../Samples/StarterContent/Content/StarterContent/Architecture/Wall_Door_400x400.uasset" to "../../../../../Document/GitHub/No_name/MyProject/Content/StarterContent/Architecture/Wall_Door_400x400.uasset"
[2017.09.27-18.54.15:054][  0]LogPackFactory: Copied "../../../Samples/StarterContent/Content/StarterContent/Architecture/Wall_Window_400x300.uasset" to "../../../../../Document/GitHub/No_name/MyProject/Content/StarterContent/Architecture/Wall_Window_400x300.uasset"
[2017.09.27-18.54.15:061][  0]LogPackFactory: Copied "../../../Samples/StarterContent/Content/StarterContent/Architecture/Wall_Window_400x400.uasset" to "../../../../../Document/GitHub/No_name/MyProject/Content/StarterContent/Architecture/Wall_Window_400x400.uasset"
[2017.09.27-18.54.15:074][  0]LogPackFactory: Copied "../../../Samples/StarterContent/Content/StarterContent/Audio/Collapse01.uasset" to "../../../../../Document/GitHub/No_name/MyProject/Content/StarterContent/Audio/Collapse01.uasset"
[2017.09.27-18.54.15:081][  0]LogPackFactory: Copied "../../../Samples/StarterContent/Content/StarterContent/Audio/Collapse02.uasset" to "../../../../../Document/GitHub/No_name/MyProject/Content/StarterContent/Audio/Collapse02.uasset"
[2017.09.27-18.54.15:092][  0]LogPackFactory: Copied "../../../Samples/StarterContent/Content/StarterContent/Audio/Collapse_Cue.uasset" to "../../../../../Document/GitHub/No_name/MyProject/Content/StarterContent/Audio/Collapse_Cue.uasset"
[2017.09.27-18.54.15:094][  0]LogPackFactory: Copied "../../../Samples/StarterContent/Content/StarterContent/Audio/Explosion01.uasset" to "../../../../../Document/GitHub/No_name/MyProject/Content/StarterContent/Audio/Explosion01.uasset"
[2017.09.27-18.54.15:103][  0]LogPackFactory: Copied "../../../Samples/StarterContent/Content/StarterContent/Audio/Explosion02.uasset" to "../../../../../Document/GitHub/No_name/MyProject/Content/StarterContent/Audio/Explosion02.uasset"
[2017.09.27-18.54.15:105][  0]LogPackFactory: Copied "../../../Samples/StarterContent/Content/StarterContent/Audio/Explosion_Cue.uasset" to "../../../../../Document/GitHub/No_name/MyProject/Content/StarterContent/Audio/Explosion_Cue.uasset"
[2017.09.27-18.54.15:118][  0]LogPackFactory: Copied "../../../Samples/StarterContent/Content/StarterContent/Audio/Fire01.uasset" to "../../../../../Document/GitHub/No_name/MyProject/Content/StarterContent/Audio/Fire01.uasset"
[2017.09.27-18.54.15:119][  0]LogPackFactory: Copied "../../../Samples/StarterContent/Content/StarterContent/Audio/Fire01_Cue.uasset" to "../../../../../Document/GitHub/No_name/MyProject/Content/StarterContent/Audio/Fire01_Cue.uasset"
[2017.09.27-18.54.15:133][  0]LogPackFactory: Copied "../../../Samples/StarterContent/Content/StarterContent/Audio/Fire_Sparks01.uasset" to "../../../../../Document/GitHub/No_name/MyProject/Content/StarterContent/Audio/Fire_Sparks01.uasset"
[2017.09.27-18.54.15:134][  0]LogPackFactory: Copied "../../../Samples/StarterContent/Content/StarterContent/Audio/Fire_Sparks01_Cue.uasset" to "../../../../../Document/GitHub/No_name/MyProject/Content/StarterContent/Audio/Fire_Sparks01_Cue.uasset"
[2017.09.27-18.54.15:141][  0]LogPackFactory: Copied "../../../Samples/StarterContent/Content/StarterContent/Audio/Light01.uasset" to "../../../../../Document/GitHub/No_name/MyProject/Content/StarterContent/Audio/Light01.uasset"
[2017.09.27-18.54.15:143][  0]LogPackFactory: Copied "../../../Samples/StarterContent/Content/StarterContent/Audio/Light01_Cue.uasset" to "../../../../../Document/GitHub/No_name/MyProject/Content/StarterContent/Audio/Light01_Cue.uasset"
[2017.09.27-18.54.15:156][  0]LogPackFactory: Copied "../../../Samples/StarterContent/Content/StarterContent/Audio/Light02.uasset" to "../../../../../Document/GitHub/No_name/MyProject/Content/StarterContent/Audio/Light02.uasset"
[2017.09.27-18.54.15:157][  0]LogPackFactory: Copied "../../../Samples/StarterContent/Content/StarterContent/Audio/Light02_Cue.uasset" to "../../../../../Document/GitHub/No_name/MyProject/Content/StarterContent/Audio/Light02_Cue.uasset"
[2017.09.27-18.54.15:171][  0]LogPackFactory: Copied "../../../Samples/StarterContent/Content/StarterContent/Audio/Smoke01.uasset" to "../../../../../Document/GitHub/No_name/MyProject/Content/StarterContent/Audio/Smoke01.uasset"
[2017.09.27-18.54.15:172][  0]LogPackFactory: Copied "../../../Samples/StarterContent/Content/StarterContent/Audio/Smoke01_Cue.uasset" to "../../../../../Document/GitHub/No_name/MyProject/Content/StarterContent/Audio/Smoke01_Cue.uasset"
[2017.09.27-18.54.15:174][  0]LogPackFactory: Copied "../../../Samples/StarterContent/Content/StarterContent/Audio/Starter_Background_Cue.uasset" to "../../../../../Document/GitHub/No_name/MyProject/Content/StarterContent/Audio/Starter_Background_Cue.uasset"
[2017.09.27-18.54.15:203][  0]LogPackFactory: Copied "../../../Samples/StarterContent/Content/StarterContent/Audio/Starter_Birds01.uasset" to "../../../../../Document/GitHub/No_name/MyProject/Content/StarterContent/Audio/Starter_Birds01.uasset"
[2017.09.27-18.54.15:256][  0]LogPackFactory: Copied "../../../Samples/StarterContent/Content/StarterContent/Audio/Starter_Music01.uasset" to "../../../../../Document/GitHub/No_name/MyProject/Content/StarterContent/Audio/Starter_Music01.uasset"
[2017.09.27-18.54.15:270][  0]LogPackFactory: Copied "../../../Samples/StarterContent/Content/StarterContent/Audio/Starter_Music_Cue.uasset" to "../../../../../Document/GitHub/No_name/MyProject/Content/StarterContent/Audio/Starter_Music_Cue.uasset"
[2017.09.27-18.54.15:292][  0]LogPackFactory: Copied "../../../Samples/StarterContent/Content/StarterContent/Audio/Starter_Wind05.uasset" to "../../../../../Document/GitHub/No_name/MyProject/Content/StarterContent/Audio/Starter_Wind05.uasset"
[2017.09.27-18.54.15:314][  0]LogPackFactory: Copied "../../../Samples/StarterContent/Content/StarterContent/Audio/Starter_Wind06.uasset" to "../../../../../Document/GitHub/No_name/MyProject/Content/StarterContent/Audio/Starter_Wind06.uasset"
[2017.09.27-18.54.15:325][  0]LogPackFactory: Copied "../../../Samples/StarterContent/Content/StarterContent/Audio/Steam01.uasset" to "../../../../../Document/GitHub/No_name/MyProject/Content/StarterContent/Audio/Steam01.uasset"
[2017.09.27-18.54.15:341][  0]LogPackFactory: Copied "../../../Samples/StarterContent/Content/StarterContent/Audio/Steam01_Cue.uasset" to "../../../../../Document/GitHub/No_name/MyProject/Content/StarterContent/Audio/Steam01_Cue.uasset"
[2017.09.27-18.54.15:369][  0]LogPackFactory: Copied "../../../Samples/StarterContent/Content/StarterContent/Blueprints/Blueprint_CeilingLight.uasset" to "../../../../../Document/GitHub/No_name/MyProject/Content/StarterContent/Blueprints/Blueprint_CeilingLight.uasset"
[2017.09.27-18.54.15:387][  0]LogPackFactory: Copied "../../../Samples/StarterContent/Content/StarterContent/Blueprints/Blueprint_Effect_Explosion.uasset" to "../../../../../Document/GitHub/No_name/MyProject/Content/StarterContent/Blueprints/Blueprint_Effect_Explosion.uasset"
[2017.09.27-18.54.15:389][  0]LogPackFactory: Copied "../../../Samples/StarterContent/Content/StarterContent/Blueprints/Blueprint_Effect_Fire.uasset" to "../../../../../Document/GitHub/No_name/MyProject/Content/StarterContent/Blueprints/Blueprint_Effect_Fire.uasset"
[2017.09.27-18.54.15:390][  0]LogPackFactory: Copied "../../../Samples/StarterContent/Content/StarterContent/Blueprints/Blueprint_Effect_Smoke.uasset" to "../../../../../Document/GitHub/No_name/MyProject/Content/StarterContent/Blueprints/Blueprint_Effect_Smoke.uasset"
[2017.09.27-18.54.15:392][  0]LogPackFactory: Copied "../../../Samples/StarterContent/Content/StarterContent/Blueprints/Blueprint_Effect_Sparks.uasset" to "../../../../../Document/GitHub/No_name/MyProject/Content/StarterContent/Blueprints/Blueprint_Effect_Sparks.uasset"
[2017.09.27-18.54.15:393][  0]LogPackFactory: Copied "../../../Samples/StarterContent/Content/StarterContent/Blueprints/Blueprint_Effect_Steam.uasset" to "../../../../../Document/GitHub/No_name/MyProject/Content/StarterContent/Blueprints/Blueprint_Effect_Steam.uasset"
[2017.09.27-18.54.15:459][  0]LogPackFactory: Copied "../../../Samples/StarterContent/Content/StarterContent/Blueprints/Blueprint_WallSconce.uasset" to "../../../../../Document/GitHub/No_name/MyProject/Content/StarterContent/Blueprints/Blueprint_WallSconce.uasset"
[2017.09.27-18.54.15:498][  0]LogPackFactory: Copied "../../../Samples/StarterContent/Content/StarterContent/Blueprints/BP_LightStudio.uasset" to "../../../../../Document/GitHub/No_name/MyProject/Content/StarterContent/Blueprints/BP_LightStudio.uasset"
[2017.09.27-18.54.15:503][  0]LogPackFactory: Copied "../../../Samples/StarterContent/Content/StarterContent/Blueprints/Assets/FogBrightnessLUT.uasset" to "../../../../../Document/GitHub/No_name/MyProject/Content/StarterContent/Blueprints/Assets/FogBrightnessLUT.uasset"
[2017.09.27-18.54.15:514][  0]LogPackFactory: Copied "../../../Samples/StarterContent/Content/StarterContent/Blueprints/Assets/M_LightStage_Arrows.uasset" to "../../../../../Document/GitHub/No_name/MyProject/Content/StarterContent/Blueprints/Assets/M_LightStage_Arrows.uasset"
[2017.09.27-18.54.15:520][  0]LogPackFactory: Copied "../../../Samples/StarterContent/Content/StarterContent/Blueprints/Assets/M_LightStage_Skybox_Black.uasset" to "../../../../../Document/GitHub/No_name/MyProject/Content/StarterContent/Blueprints/Assets/M_LightStage_Skybox_Black.uasset"
[2017.09.27-18.54.15:523][  0]LogPackFactory: Copied "../../../Samples/StarterContent/Content/StarterContent/Blueprints/Assets/M_LightStage_Skybox_HDRI.uasset" to "../../../../../Document/GitHub/No_name/MyProject/Content/StarterContent/Blueprints/Assets/M_LightStage_Skybox_HDRI.uasset"
[2017.09.27-18.54.15:533][  0]LogPackFactory: Copied "../../../Samples/StarterContent/Content/StarterContent/Blueprints/Assets/M_LightStage_Skybox_Master.uasset" to "../../../../../Document/GitHub/No_name/MyProject/Content/StarterContent/Blueprints/Assets/M_LightStage_Skybox_Master.uasset"
[2017.09.27-18.54.15:549][  0]LogPackFactory: Copied "../../../Samples/StarterContent/Content/StarterContent/Blueprints/Assets/Skybox.uasset" to "../../../../../Document/GitHub/No_name/MyProject/Content/StarterContent/Blueprints/Assets/Skybox.uasset"
[2017.09.27-18.54.15:558][  0]LogPackFactory: Copied "../../../Samples/StarterContent/Content/StarterContent/Blueprints/Assets/SM_Arrows.uasset" to "../../../../../Document/GitHub/No_name/MyProject/Content/StarterContent/Blueprints/Assets/SM_Arrows.uasset"
[2017.09.27-18.54.15:559][  0]LogPackFactory: Copied "../../../Samples/StarterContent/Content/StarterContent/Blueprints/Assets/SunlightColorLUT.uasset" to "../../../../../Document/GitHub/No_name/MyProject/Content/StarterContent/Blueprints/Assets/SunlightColorLUT.uasset"
[2017.09.27-18.54.15:999][  0]LogPackFactory: Copied "../../../Samples/StarterContent/Content/StarterContent/HDRI/HDRI_Epic_Courtyard_Daylight.uasset" to "../../../../../Document/GitHub/No_name/MyProject/Content/StarterContent/HDRI/HDRI_Epic_Courtyard_Daylight.uasset"
[2017.09.27-18.54.16:020][  0]LogPackFactory: Copied "../../../Samples/StarterContent/Content/StarterContent/Maps/Advanced_Lighting.umap" to "../../../../../Document/GitHub/No_name/MyProject/Content/StarterContent/Maps/Advanced_Lighting.umap"
[2017.09.27-18.54.16:034][  0]LogPackFactory: Copied "../../../Samples/StarterContent/Content/StarterContent/Maps/Advanced_Lighting_BuiltData.uasset" to "../../../../../Document/GitHub/No_name/MyProject/Content/StarterContent/Maps/Advanced_Lighting_BuiltData.uasset"
[2017.09.27-18.54.16:058][  0]LogPackFactory: Copied "../../../Samples/StarterContent/Content/StarterContent/Maps/Minimal_Default.umap" to "../../../../../Document/GitHub/No_name/MyProject/Content/StarterContent/Maps/Minimal_Default.umap"
[2017.09.27-18.54.16:073][  0]LogPackFactory: Copied "../../../Samples/StarterContent/Content/StarterContent/Maps/Minimal_Default_BuiltData.uasset" to "../../../../../Document/GitHub/No_name/MyProject/Content/StarterContent/Maps/Minimal_Default_BuiltData.uasset"
[2017.09.27-18.54.16:118][  0]LogPackFactory: Copied "../../../Samples/StarterContent/Content/StarterContent/Maps/StarterMap.umap" to "../../../../../Document/GitHub/No_name/MyProject/Content/StarterContent/Maps/StarterMap.umap"
[2017.09.27-18.54.16:187][  0]LogPackFactory: Copied "../../../Samples/StarterContent/Content/StarterContent/Maps/StarterMap_BuiltData.uasset" to "../../../../../Document/GitHub/No_name/MyProject/Content/StarterContent/Maps/StarterMap_BuiltData.uasset"
[2017.09.27-18.54.16:200][  0]LogPackFactory: Copied "../../../Samples/StarterContent/Content/StarterContent/Materials/M_AssetPlatform.uasset" to "../../../../../Document/GitHub/No_name/MyProject/Content/StarterContent/Materials/M_AssetPlatform.uasset"
[2017.09.27-18.54.16:204][  0]LogPackFactory: Copied "../../../Samples/StarterContent/Content/StarterContent/Materials/M_Basic_Floor.uasset" to "../../../../../Document/GitHub/No_name/MyProject/Content/StarterContent/Materials/M_Basic_Floor.uasset"
[2017.09.27-18.54.16:207][  0]LogPackFactory: Copied "../../../Samples/StarterContent/Content/StarterContent/Materials/M_Basic_Wall.uasset" to "../../../../../Document/GitHub/No_name/MyProject/Content/StarterContent/Materials/M_Basic_Wall.uasset"
[2017.09.27-18.54.16:218][  0]LogPackFactory: Copied "../../../Samples/StarterContent/Content/StarterContent/Materials/M_Brick_Clay_Beveled.uasset" to "../../../../../Document/GitHub/No_name/MyProject/Content/StarterContent/Materials/M_Brick_Clay_Beveled.uasset"
[2017.09.27-18.54.16:224][  0]LogPackFactory: Copied "../../../Samples/StarterContent/Content/StarterContent/Materials/M_Brick_Clay_New.uasset" to "../../../../../Document/GitHub/No_name/MyProject/Content/StarterContent/Materials/M_Brick_Clay_New.uasset"
[2017.09.27-18.54.16:229][  0]LogPackFactory: Copied "../../../Samples/StarterContent/Content/StarterContent/Materials/M_Brick_Clay_Old.uasset" to "../../../../../Document/GitHub/No_name/MyProject/Content/StarterContent/Materials/M_Brick_Clay_Old.uasset"
[2017.09.27-18.54.16:232][  0]LogPackFactory: Copied "../../../Samples/StarterContent/Content/StarterContent/Materials/M_Brick_Cut_Stone.uasset" to "../../../../../Document/GitHub/No_name/MyProject/Content/StarterContent/Materials/M_Brick_Cut_Stone.uasset"
[2017.09.27-18.54.16:234][  0]LogPackFactory: Copied "../../../Samples/StarterContent/Content/StarterContent/Materials/M_Brick_Hewn_Stone.uasset" to "../../../../../Document/GitHub/No_name/MyProject/Content/StarterContent/Materials/M_Brick_Hewn_Stone.uasset"
[2017.09.27-18.54.16:236][  0]LogPackFactory: Copied "../../../Samples/StarterContent/Content/StarterContent/Materials/M_Ceramic_Tile_Checker.uasset" to "../../../../../Document/GitHub/No_name/MyProject/Content/StarterContent/Materials/M_Ceramic_Tile_Checker.uasset"
[2017.09.27-18.54.16:238][  0]LogPackFactory: Copied "../../../Samples/StarterContent/Content/StarterContent/Materials/M_CobbleStone_Pebble.uasset" to "../../../../../Document/GitHub/No_name/MyProject/Content/StarterContent/Materials/M_CobbleStone_Pebble.uasset"
[2017.09.27-18.54.16:251][  0]LogPackFactory: Copied "../../../Samples/StarterContent/Content/StarterContent/Materials/M_CobbleStone_Rough.uasset" to "../../../../../Document/GitHub/No_name/MyProject/Content/StarterContent/Materials/M_CobbleStone_Rough.uasset"
[2017.09.27-18.54.16:262][  0]LogPackFactory: Copied "../../../Samples/StarterContent/Content/StarterContent/Materials/M_CobbleStone_Smooth.uasset" to "../../../../../Document/GitHub/No_name/MyProject/Content/StarterContent/Materials/M_CobbleStone_Smooth.uasset"
[2017.09.27-18.54.16:264][  0]LogPackFactory: Copied "../../../Samples/StarterContent/Content/StarterContent/Materials/M_ColorGrid_LowSpec.uasset" to "../../../../../Document/GitHub/No_name/MyProject/Content/StarterContent/Materials/M_ColorGrid_LowSpec.uasset"
[2017.09.27-18.54.16:266][  0]LogPackFactory: Copied "../../../Samples/StarterContent/Content/StarterContent/Materials/M_Concrete_Grime.uasset" to "../../../../../Document/GitHub/No_name/MyProject/Content/StarterContent/Materials/M_Concrete_Grime.uasset"
[2017.09.27-18.54.16:268][  0]LogPackFactory: Copied "../../../Samples/StarterContent/Content/StarterContent/Materials/M_Concrete_Panels.uasset" to "../../../../../Document/GitHub/No_name/MyProject/Content/StarterContent/Materials/M_Concrete_Panels.uasset"
[2017.09.27-18.54.16:280][  0]LogPackFactory: Copied "../../../Samples/StarterContent/Content/StarterContent/Materials/M_Concrete_Poured.uasset" to "../../../../../Document/GitHub/No_name/MyProject/Content/StarterContent/Materials/M_Concrete_Poured.uasset"
[2017.09.27-18.54.16:299][  0]LogPackFactory: Copied "../../../Samples/StarterContent/Content/StarterContent/Materials/M_Concrete_Tiles.uasset" to "../../../../../Document/GitHub/No_name/MyProject/Content/StarterContent/Materials/M_Concrete_Tiles.uasset"
[2017.09.27-18.54.16:301][  0]LogPackFactory: Copied "../../../Samples/StarterContent/Content/StarterContent/Materials/M_Glass.uasset" to "../../../../../Document/GitHub/No_name/MyProject/Content/StarterContent/Materials/M_Glass.uasset"
[2017.09.27-18.54.16:320][  0]LogPackFactory: Copied "../../../Samples/StarterContent/Content/StarterContent/Materials/M_Ground_Grass.uasset" to "../../../../../Document/GitHub/No_name/MyProject/Content/StarterContent/Materials/M_Ground_Grass.uasset"
[2017.09.27-18.54.16:322][  0]LogPackFactory: Copied "../../../Samples/StarterContent/Content/StarterContent/Materials/M_Ground_Gravel.uasset" to "../../../../../Document/GitHub/No_name/MyProject/Content/StarterContent/Materials/M_Ground_Gravel.uasset"
[2017.09.27-18.54.16:326][  0]LogPackFactory: Copied "../../../Samples/StarterContent/Content/StarterContent/Materials/M_Ground_Moss.uasset" to "../../../../../Document/GitHub/No_name/MyProject/Content/StarterContent/Materials/M_Ground_Moss.uasset"
[2017.09.27-18.54.16:328][  0]LogPackFactory: Copied "../../../Samples/StarterContent/Content/StarterContent/Materials/M_Metal_Brushed_Nickel.uasset" to "../../../../../Document/GitHub/No_name/MyProject/Content/StarterContent/Materials/M_Metal_Brushed_Nickel.uasset"
[2017.09.27-18.54.16:330][  0]LogPackFactory: Copied "../../../Samples/StarterContent/Content/StarterContent/Materials/M_Metal_Burnished_Steel.uasset" to "../../../../../Document/GitHub/No_name/MyProject/Content/StarterContent/Materials/M_Metal_Burnished_Steel.uasset"
[2017.09.27-18.54.16:343][  0]LogPackFactory: Copied "../../../Samples/StarterContent/Content/StarterContent/Materials/M_Metal_Chrome.uasset" to "../../../../../Document/GitHub/No_name/MyProject/Content/StarterContent/Materials/M_Metal_Chrome.uasset"
[2017.09.27-18.54.16:358][  0]LogPackFactory: Copied "../../../Samples/StarterContent/Content/StarterContent/Materials/M_Metal_Copper.uasset" to "../../../../../Document/GitHub/No_name/MyProject/Content/StarterContent/Materials/M_Metal_Copper.uasset"
[2017.09.27-18.54.16:360][  0]LogPackFactory: Copied "../../../Samples/StarterContent/Content/StarterContent/Materials/M_Metal_Gold.uasset" to "../../../../../Document/GitHub/No_name/MyProject/Content/StarterContent/Materials/M_Metal_Gold.uasset"
[2017.09.27-18.54.16:365][  0]LogPackFactory: Copied "../../../Samples/StarterContent/Content/StarterContent/Materials/M_Metal_Rust.uasset" to "../../../../../Document/GitHub/No_name/MyProject/Content/StarterContent/Materials/M_Metal_Rust.uasset"
[2017.09.27-18.54.16:372][  0]LogPackFactory: Copied "../../../Samples/StarterContent/Content/StarterContent/Materials/M_Metal_Steel.uasset" to "../../../../../Document/GitHub/No_name/MyProject/Content/StarterContent/Materials/M_Metal_Steel.uasset"
[2017.09.27-18.54.16:374][  0]LogPackFactory: Copied "../../../Samples/StarterContent/Content/StarterContent/Materials/M_Rock_Basalt.uasset" to "../../../../../Document/GitHub/No_name/MyProject/Content/StarterContent/Materials/M_Rock_Basalt.uasset"
[2017.09.27-18.54.16:378][  0]LogPackFactory: Copied "../../../Samples/StarterContent/Content/StarterContent/Materials/M_Rock_Marble_Polished.uasset" to "../../../../../Document/GitHub/No_name/MyProject/Content/StarterContent/Materials/M_Rock_Marble_Polished.uasset"
[2017.09.27-18.54.16:392][  0]LogPackFactory: Copied "../../../Samples/StarterContent/Content/StarterContent/Materials/M_Rock_Sandstone.uasset" to "../../../../../Document/GitHub/No_name/MyProject/Content/StarterContent/Materials/M_Rock_Sandstone.uasset"
[2017.09.27-18.54.16:411][  0]LogPackFactory: Copied "../../../Samples/StarterContent/Content/StarterContent/Materials/M_Rock_Slate.uasset" to "../../../../../Document/GitHub/No_name/MyProject/Content/StarterContent/Materials/M_Rock_Slate.uasset"
[2017.09.27-18.54.16:413][  0]LogPackFactory: Copied "../../../Samples/StarterContent/Content/StarterContent/Materials/M_Tech_Checker_Dot.uasset" to "../../../../../Document/GitHub/No_name/MyProject/Content/StarterContent/Materials/M_Tech_Checker_Dot.uasset"
[2017.09.27-18.54.16:415][  0]LogPackFactory: Copied "../../../Samples/StarterContent/Content/StarterContent/Materials/M_Tech_Hex_Tile.uasset" to "../../../../../Document/GitHub/No_name/MyProject/Content/StarterContent/Materials/M_Tech_Hex_Tile.uasset"
[2017.09.27-18.54.16:425][  0]LogPackFactory: Copied "../../../Samples/StarterContent/Content/StarterContent/Materials/M_Tech_Hex_Tile_Pulse.uasset" to "../../../../../Document/GitHub/No_name/MyProject/Content/StarterContent/Materials/M_Tech_Hex_Tile_Pulse.uasset"
[2017.09.27-18.54.16:427][  0]LogPackFactory: Copied "../../../Samples/StarterContent/Content/StarterContent/Materials/M_Tech_Panel.uasset" to "../../../../../Document/GitHub/No_name/MyProject/Content/StarterContent/Materials/M_Tech_Panel.uasset"
[2017.09.27-18.54.16:432][  0]LogPackFactory: Copied "../../../Samples/StarterContent/Content/StarterContent/Materials/M_Water_Lake.uasset" to "../../../../../Document/GitHub/No_name/MyProject/Content/StarterContent/Materials/M_Water_Lake.uasset"
[2017.09.27-18.54.16:450][  0]LogPackFactory: Copied "../../../Samples/StarterContent/Content/StarterContent/Materials/M_Water_Ocean.uasset" to "../../../../../Document/GitHub/No_name/MyProject/Content/StarterContent/Materials/M_Water_Ocean.uasset"
[2017.09.27-18.54.16:463][  0]LogPackFactory: Copied "../../../Samples/StarterContent/Content/StarterContent/Materials/M_Wood_Floor_Walnut_Polished.uasset" to "../../../../../Document/GitHub/No_name/MyProject/Content/StarterContent/Materials/M_Wood_Floor_Walnut_Polished.uasset"
[2017.09.27-18.54.16:475][  0]LogPackFactory: Copied "../../../Samples/StarterContent/Content/StarterContent/Materials/M_Wood_Floor_Walnut_Worn.uasset" to "../../../../../Document/GitHub/No_name/MyProject/Content/StarterContent/Materials/M_Wood_Floor_Walnut_Worn.uasset"
[2017.09.27-18.54.16:477][  0]LogPackFactory: Copied "../../../Samples/StarterContent/Content/StarterContent/Materials/M_Wood_Oak.uasset" to "../../../../../Document/GitHub/No_name/MyProject/Content/StarterContent/Materials/M_Wood_Oak.uasset"
[2017.09.27-18.54.16:479][  0]LogPackFactory: Copied "../../../Samples/StarterContent/Content/StarterContent/Materials/M_Wood_Pine.uasset" to "../../../../../Document/GitHub/No_name/MyProject/Content/StarterContent/Materials/M_Wood_Pine.uasset"
[2017.09.27-18.54.16:495][  0]LogPackFactory: Copied "../../../Samples/StarterContent/Content/StarterContent/Materials/M_Wood_Walnut.uasset" to "../../../../../Document/GitHub/No_name/MyProject/Content/StarterContent/Materials/M_Wood_Walnut.uasset"
[2017.09.27-18.54.16:500][  0]LogPackFactory: Copied "../../../Samples/StarterContent/Content/StarterContent/Particles/P_Ambient_Dust.uasset" to "../../../../../Document/GitHub/No_name/MyProject/Content/StarterContent/Particles/P_Ambient_Dust.uasset"
[2017.09.27-18.54.16:510][  0]LogPackFactory: Copied "../../../Samples/StarterContent/Content/StarterContent/Particles/P_Explosion.uasset" to "../../../../../Document/GitHub/No_name/MyProject/Content/StarterContent/Particles/P_Explosion.uasset"
[2017.09.27-18.54.16:512][  0]LogPackFactory: Copied "../../../Samples/StarterContent/Content/StarterContent/Particles/P_Fire.uasset" to "../../../../../Document/GitHub/No_name/MyProject/Content/StarterContent/Particles/P_Fire.uasset"
[2017.09.27-18.54.16:522][  0]LogPackFactory: Copied "../../../Samples/StarterContent/Content/StarterContent/Particles/P_Smoke.uasset" to "../../../../../Document/GitHub/No_name/MyProject/Content/StarterContent/Particles/P_Smoke.uasset"
[2017.09.27-18.54.16:533][  0]LogPackFactory: Copied "../../../Samples/StarterContent/Content/StarterContent/Particles/P_Sparks.uasset" to "../../../../../Document/GitHub/No_name/MyProject/Content/StarterContent/Particles/P_Sparks.uasset"
[2017.09.27-18.54.16:546][  0]LogPackFactory: Copied "../../../Samples/StarterContent/Content/StarterContent/Particles/P_Steam_Lit.uasset" to "../../../../../Document/GitHub/No_name/MyProject/Content/StarterContent/Particles/P_Steam_Lit.uasset"
[2017.09.27-18.54.16:563][  0]LogPackFactory: Copied "../../../Samples/StarterContent/Content/StarterContent/Particles/Materials/M_Burst.uasset" to "../../../../../Document/GitHub/No_name/MyProject/Content/StarterContent/Particles/Materials/M_Burst.uasset"
[2017.09.27-18.54.16:574][  0]LogPackFactory: Copied "../../../Samples/StarterContent/Content/StarterContent/Particles/Materials/M_Dust_Particle.uasset" to "../../../../../Document/GitHub/No_name/MyProject/Content/StarterContent/Particles/Materials/M_Dust_Particle.uasset"
[2017.09.27-18.54.16:575][  0]LogPackFactory: Copied "../../../Samples/StarterContent/Content/StarterContent/Particles/Materials/M_explosion_subUV.uasset" to "../../../../../Document/GitHub/No_name/MyProject/Content/StarterContent/Particles/Materials/M_explosion_subUV.uasset"
[2017.09.27-18.54.16:577][  0]LogPackFactory: Copied "../../../Samples/StarterContent/Content/StarterContent/Particles/Materials/M_Fire_SubUV.uasset" to "../../../../../Document/GitHub/No_name/MyProject/Content/StarterContent/Particles/Materials/M_Fire_SubUV.uasset"
[2017.09.27-18.54.16:578][  0]LogPackFactory: Copied "../../../Samples/StarterContent/Content/StarterContent/Particles/Materials/m_flare_01.uasset" to "../../../../../Document/GitHub/No_name/MyProject/Content/StarterContent/Particles/Materials/m_flare_01.uasset"
[2017.09.27-18.54.16:580][  0]LogPackFactory: Copied "../../../Samples/StarterContent/Content/StarterContent/Particles/Materials/M_Heat_Distortion.uasset" to "../../../../../Document/GitHub/No_name/MyProject/Content/StarterContent/Particles/Materials/M_Heat_Distortion.uasset"
[2017.09.27-18.54.16:581][  0]LogPackFactory: Copied "../../../Samples/StarterContent/Content/StarterContent/Particles/Materials/M_Radial_Gradient.uasset" to "../../../../../Document/GitHub/No_name/MyProject/Content/StarterContent/Particles/Materials/M_Radial_Gradient.uasset"
[2017.09.27-18.54.16:601][  0]LogPackFactory: Copied "../../../Samples/StarterContent/Content/StarterContent/Particles/Materials/M_radial_ramp.uasset" to "../../../../../Document/GitHub/No_name/MyProject/Content/StarterContent/Particles/Materials/M_radial_ramp.uasset"
[2017.09.27-18.54.16:616][  0]LogPackFactory: Copied "../../../Samples/StarterContent/Content/StarterContent/Particles/Materials/M_smoke_subUV.uasset" to "../../../../../Document/GitHub/No_name/MyProject/Content/StarterContent/Particles/Materials/M_smoke_subUV.uasset"
[2017.09.27-18.54.16:618][  0]LogPackFactory: Copied "../../../Samples/StarterContent/Content/StarterContent/Particles/Materials/M_Spark.uasset" to "../../../../../Document/GitHub/No_name/MyProject/Content/StarterContent/Particles/Materials/M_Spark.uasset"
[2017.09.27-18.54.16:630][  0]LogPackFactory: Copied "../../../Samples/StarterContent/Content/StarterContent/Props/MaterialSphere.uasset" to "../../../../../Document/GitHub/No_name/MyProject/Content/StarterContent/Props/MaterialSphere.uasset"
[2017.09.27-18.54.16:637][  0]LogPackFactory: Copied "../../../Samples/StarterContent/Content/StarterContent/Props/SM_Bush.uasset" to "../../../../../Document/GitHub/No_name/MyProject/Content/StarterContent/Props/SM_Bush.uasset"
[2017.09.27-18.54.16:639][  0]LogPackFactory: Copied "../../../Samples/StarterContent/Content/StarterContent/Props/SM_Chair.uasset" to "../../../../../Document/GitHub/No_name/MyProject/Content/StarterContent/Props/SM_Chair.uasset"
[2017.09.27-18.54.16:650][  0]LogPackFactory: Copied "../../../Samples/StarterContent/Content/StarterContent/Props/SM_CornerFrame.uasset" to "../../../../../Document/GitHub/No_name/MyProject/Content/StarterContent/Props/SM_CornerFrame.uasset"
[2017.09.27-18.54.16:660][  0]LogPackFactory: Copied "../../../Samples/StarterContent/Content/StarterContent/Props/SM_Couch.uasset" to "../../../../../Document/GitHub/No_name/MyProject/Content/StarterContent/Props/SM_Couch.uasset"
[2017.09.27-18.54.16:662][  0]LogPackFactory: Copied "../../../Samples/StarterContent/Content/StarterContent/Props/SM_Door.uasset" to "../../../../../Document/GitHub/No_name/MyProject/Content/StarterContent/Props/SM_Door.uasset"
[2017.09.27-18.54.16:664][  0]LogPackFactory: Copied "../../../Samples/StarterContent/Content/StarterContent/Props/SM_DoorFrame.uasset" to "../../../../../Document/GitHub/No_name/MyProject/Content/StarterContent/Props/SM_DoorFrame.uasset"
[2017.09.27-18.54.16:680][  0]LogPackFactory: Copied "../../../Samples/StarterContent/Content/StarterContent/Props/SM_GlassWindow.uasset" to "../../../../../Document/GitHub/No_name/MyProject/Content/StarterContent/Props/SM_GlassWindow.uasset"
[2017.09.27-18.54.16:698][  0]LogPackFactory: Copied "../../../Samples/StarterContent/Content/StarterContent/Props/SM_Lamp_Ceiling.uasset" to "../../../../../Document/GitHub/No_name/MyProject/Content/StarterContent/Props/SM_Lamp_Ceiling.uasset"
[2017.09.27-18.54.16:708][  0]LogPackFactory: Copied "../../../Samples/StarterContent/Content/StarterContent/Props/SM_Lamp_Wall.uasset" to "../../../../../Document/GitHub/No_name/MyProject/Content/StarterContent/Props/SM_Lamp_Wall.uasset"
[2017.09.27-18.54.16:733][  0]LogPackFactory: Copied "../../../Samples/StarterContent/Content/StarterContent/Props/SM_MatPreviewMesh_02.uasset" to "../../../../../Document/GitHub/No_name/MyProject/Content/StarterContent/Props/SM_MatPreviewMesh_02.uasset"
[2017.09.27-18.54.16:748][  0]LogPackFactory: Copied "../../../Samples/StarterContent/Content/StarterContent/Props/SM_PillarFrame.uasset" to "../../../../../Document/GitHub/No_name/MyProject/Content/StarterContent/Props/SM_PillarFrame.uasset"
[2017.09.27-18.54.16:750][  0]LogPackFactory: Copied "../../../Samples/StarterContent/Content/StarterContent/Props/SM_PillarFrame300.uasset" to "../../../../../Document/GitHub/No_name/MyProject/Content/StarterContent/Props/SM_PillarFrame300.uasset"
[2017.09.27-18.54.16:751][  0]LogPackFactory: Copied "../../../Samples/StarterContent/Content/StarterContent/Props/SM_Rock.uasset" to "../../../../../Document/GitHub/No_name/MyProject/Content/StarterContent/Props/SM_Rock.uasset"
[2017.09.27-18.54.16:753][  0]LogPackFactory: Copied "../../../Samples/StarterContent/Content/StarterContent/Props/SM_Shelf.uasset" to "../../../../../Document/GitHub/No_name/MyProject/Content/StarterContent/Props/SM_Shelf.uasset"
[2017.09.27-18.54.16:764][  0]LogPackFactory: Copied "../../../Samples/StarterContent/Content/StarterContent/Props/SM_Stairs.uasset" to "../../../../../Document/GitHub/No_name/MyProject/Content/StarterContent/Props/SM_Stairs.uasset"
[2017.09.27-18.54.16:783][  0]LogPackFactory: Copied "../../../Samples/StarterContent/Content/StarterContent/Props/SM_Statue.uasset" to "../../../../../Document/GitHub/No_name/MyProject/Content/StarterContent/Props/SM_Statue.uasset"
[2017.09.27-18.54.16:792][  0]LogPackFactory: Copied "../../../Samples/StarterContent/Content/StarterContent/Props/SM_TableRound.uasset" to "../../../../../Document/GitHub/No_name/MyProject/Content/StarterContent/Props/SM_TableRound.uasset"
[2017.09.27-18.54.16:794][  0]LogPackFactory: Copied "../../../Samples/StarterContent/Content/StarterContent/Props/SM_WindowFrame.uasset" to "../../../../../Document/GitHub/No_name/MyProject/Content/StarterContent/Props/SM_WindowFrame.uasset"
[2017.09.27-18.54.16:803][  0]LogPackFactory: Copied "../../../Samples/StarterContent/Content/StarterContent/Props/Materials/M_Bush.uasset" to "../../../../../Document/GitHub/No_name/MyProject/Content/StarterContent/Props/Materials/M_Bush.uasset"
[2017.09.27-18.54.16:812][  0]LogPackFactory: Copied "../../../Samples/StarterContent/Content/StarterContent/Props/Materials/M_Chair.uasset" to "../../../../../Document/GitHub/No_name/MyProject/Content/StarterContent/Props/Materials/M_Chair.uasset"
[2017.09.27-18.54.16:813][  0]LogPackFactory: Copied "../../../Samples/StarterContent/Content/StarterContent/Props/Materials/M_Door.uasset" to "../../../../../Document/GitHub/No_name/MyProject/Content/StarterContent/Props/Materials/M_Door.uasset"
[2017.09.27-18.54.16:816][  0]LogPackFactory: Copied "../../../Samples/StarterContent/Content/StarterContent/Props/Materials/M_Frame.uasset" to "../../../../../Document/GitHub/No_name/MyProject/Content/StarterContent/Props/Materials/M_Frame.uasset"
[2017.09.27-18.54.16:824][  0]LogPackFactory: Copied "../../../Samples/StarterContent/Content/StarterContent/Props/Materials/M_Lamp.uasset" to "../../../../../Document/GitHub/No_name/MyProject/Content/StarterContent/Props/Materials/M_Lamp.uasset"
[2017.09.27-18.54.16:826][  0]LogPackFactory: Copied "../../../Samples/StarterContent/Content/StarterContent/Props/Materials/M_MaterialSphere.uasset" to "../../../../../Document/GitHub/No_name/MyProject/Content/StarterContent/Props/Materials/M_MaterialSphere.uasset"
[2017.09.27-18.54.16:833][  0]LogPackFactory: Copied "../../../Samples/StarterContent/Content/StarterContent/Props/Materials/M_MaterialSphere_Plain.uasset" to "../../../../../Document/GitHub/No_name/MyProject/Content/StarterContent/Props/Materials/M_MaterialSphere_Plain.uasset"
[2017.09.27-18.54.16:843][  0]LogPackFactory: Copied "../../../Samples/StarterContent/Content/StarterContent/Props/Materials/M_Rock.uasset" to "../../../../../Document/GitHub/No_name/MyProject/Content/StarterContent/Props/Materials/M_Rock.uasset"
[2017.09.27-18.54.16:845][  0]LogPackFactory: Copied "../../../Samples/StarterContent/Content/StarterContent/Props/Materials/M_Shelf.uasset" to "../../../../../Document/GitHub/No_name/MyProject/Content/StarterContent/Props/Materials/M_Shelf.uasset"
[2017.09.27-18.54.16:847][  0]LogPackFactory: Copied "../../../Samples/StarterContent/Content/StarterContent/Props/Materials/M_Statue.uasset" to "../../../../../Document/GitHub/No_name/MyProject/Content/StarterContent/Props/Materials/M_Statue.uasset"
[2017.09.27-18.54.16:859][  0]LogPackFactory: Copied "../../../Samples/StarterContent/Content/StarterContent/Props/Materials/M_StatueGlass.uasset" to "../../../../../Document/GitHub/No_name/MyProject/Content/StarterContent/Props/Materials/M_StatueGlass.uasset"
[2017.09.27-18.54.16:861][  0]LogPackFactory: Copied "../../../Samples/StarterContent/Content/StarterContent/Props/Materials/M_TableRound.uasset" to "../../../../../Document/GitHub/No_name/MyProject/Content/StarterContent/Props/Materials/M_TableRound.uasset"
[2017.09.27-18.54.16:863][  0]LogPackFactory: Copied "../../../Samples/StarterContent/Content/StarterContent/Shapes/Shape_Cone.uasset" to "../../../../../Document/GitHub/No_name/MyProject/Content/StarterContent/Shapes/Shape_Cone.uasset"
[2017.09.27-18.54.16:864][  0]LogPackFactory: Copied "../../../Samples/StarterContent/Content/StarterContent/Shapes/Shape_Cube.uasset" to "../../../../../Document/GitHub/No_name/MyProject/Content/StarterContent/Shapes/Shape_Cube.uasset"
[2017.09.27-18.54.16:866][  0]LogPackFactory: Copied "../../../Samples/StarterContent/Content/StarterContent/Shapes/Shape_Cylinder.uasset" to "../../../../../Document/GitHub/No_name/MyProject/Content/StarterContent/Shapes/Shape_Cylinder.uasset"
[2017.09.27-18.54.16:880][  0]LogPackFactory: Copied "../../../Samples/StarterContent/Content/StarterContent/Shapes/Shape_NarrowCapsule.uasset" to "../../../../../Document/GitHub/No_name/MyProject/Content/StarterContent/Shapes/Shape_NarrowCapsule.uasset"
[2017.09.27-18.54.16:887][  0]LogPackFactory: Copied "../../../Samples/StarterContent/Content/StarterContent/Shapes/Shape_Pipe.uasset" to "../../../../../Document/GitHub/No_name/MyProject/Content/StarterContent/Shapes/Shape_Pipe.uasset"
[2017.09.27-18.54.16:889][  0]LogPackFactory: Copied "../../../Samples/StarterContent/Content/StarterContent/Shapes/Shape_Pipe_180.uasset" to "../../../../../Document/GitHub/No_name/MyProject/Content/StarterContent/Shapes/Shape_Pipe_180.uasset"
[2017.09.27-18.54.16:890][  0]LogPackFactory: Copied "../../../Samples/StarterContent/Content/StarterContent/Shapes/Shape_Pipe_90.uasset" to "../../../../../Document/GitHub/No_name/MyProject/Content/StarterContent/Shapes/Shape_Pipe_90.uasset"
[2017.09.27-18.54.16:892][  0]LogPackFactory: Copied "../../../Samples/StarterContent/Content/StarterContent/Shapes/Shape_Plane.uasset" to "../../../../../Document/GitHub/No_name/MyProject/Content/StarterContent/Shapes/Shape_Plane.uasset"
[2017.09.27-18.54.16:893][  0]LogPackFactory: Copied "../../../Samples/StarterContent/Content/StarterContent/Shapes/Shape_QuadPyramid.uasset" to "../../../../../Document/GitHub/No_name/MyProject/Content/StarterContent/Shapes/Shape_QuadPyramid.uasset"
[2017.09.27-18.54.16:903][  0]LogPackFactory: Copied "../../../Samples/StarterContent/Content/StarterContent/Shapes/Shape_Sphere.uasset" to "../../../../../Document/GitHub/No_name/MyProject/Content/StarterContent/Shapes/Shape_Sphere.uasset"
[2017.09.27-18.54.16:920][  0]LogPackFactory: Copied "../../../Samples/StarterContent/Content/StarterContent/Shapes/Shape_Torus.uasset" to "../../../../../Document/GitHub/No_name/MyProject/Content/StarterContent/Shapes/Shape_Torus.uasset"
[2017.09.27-18.54.16:930][  0]LogPackFactory: Copied "../../../Samples/StarterContent/Content/StarterContent/Shapes/Shape_Trim.uasset" to "../../../../../Document/GitHub/No_name/MyProject/Content/StarterContent/Shapes/Shape_Trim.uasset"
[2017.09.27-18.54.16:935][  0]LogPackFactory: Copied "../../../Samples/StarterContent/Content/StarterContent/Shapes/Shape_Trim_90_In.uasset" to "../../../../../Document/GitHub/No_name/MyProject/Content/StarterContent/Shapes/Shape_Trim_90_In.uasset"
[2017.09.27-18.54.16:937][  0]LogPackFactory: Copied "../../../Samples/StarterContent/Content/StarterContent/Shapes/Shape_Trim_90_Out.uasset" to "../../../../../Document/GitHub/No_name/MyProject/Content/StarterContent/Shapes/Shape_Trim_90_Out.uasset"
[2017.09.27-18.54.16:938][  0]LogPackFactory: Copied "../../../Samples/StarterContent/Content/StarterContent/Shapes/Shape_TriPyramid.uasset" to "../../../../../Document/GitHub/No_name/MyProject/Content/StarterContent/Shapes/Shape_TriPyramid.uasset"
[2017.09.27-18.54.16:946][  0]LogPackFactory: Copied "../../../Samples/StarterContent/Content/StarterContent/Shapes/Shape_Tube.uasset" to "../../../../../Document/GitHub/No_name/MyProject/Content/StarterContent/Shapes/Shape_Tube.uasset"
[2017.09.27-18.54.16:947][  0]LogPackFactory: Copied "../../../Samples/StarterContent/Content/StarterContent/Shapes/Shape_Wedge_A.uasset" to "../../../../../Document/GitHub/No_name/MyProject/Content/StarterContent/Shapes/Shape_Wedge_A.uasset"
[2017.09.27-18.54.16:948][  0]LogPackFactory: Copied "../../../Samples/StarterContent/Content/StarterContent/Shapes/Shape_Wedge_B.uasset" to "../../../../../Document/GitHub/No_name/MyProject/Content/StarterContent/Shapes/Shape_Wedge_B.uasset"
[2017.09.27-18.54.16:950][  0]LogPackFactory: Copied "../../../Samples/StarterContent/Content/StarterContent/Shapes/Shape_WideCapsule.uasset" to "../../../../../Document/GitHub/No_name/MyProject/Content/StarterContent/Shapes/Shape_WideCapsule.uasset"
[2017.09.27-18.54.16:999][  0]LogPackFactory: Copied "../../../Samples/StarterContent/Content/StarterContent/Textures/T_Brick_Clay_Beveled_D.uasset" to "../../../../../Document/GitHub/No_name/MyProject/Content/StarterContent/Textures/T_Brick_Clay_Beveled_D.uasset"
[2017.09.27-18.54.17:051][  0]LogPackFactory: Copied "../../../Samples/StarterContent/Content/StarterContent/Textures/T_Brick_Clay_Beveled_M.uasset" to "../../../../../Document/GitHub/No_name/MyProject/Content/StarterContent/Textures/T_Brick_Clay_Beveled_M.uasset"
[2017.09.27-18.54.17:101][  0]LogPackFactory: Copied "../../../Samples/StarterContent/Content/StarterContent/Textures/T_Brick_Clay_Beveled_N.uasset" to "../../../../../Document/GitHub/No_name/MyProject/Content/StarterContent/Textures/T_Brick_Clay_Beveled_N.uasset"
[2017.09.27-18.54.17:140][  0]LogPackFactory: Copied "../../../Samples/StarterContent/Content/StarterContent/Textures/T_Brick_Clay_New_D.uasset" to "../../../../../Document/GitHub/No_name/MyProject/Content/StarterContent/Textures/T_Brick_Clay_New_D.uasset"
[2017.09.27-18.54.17:201][  0]LogPackFactory: Copied "../../../Samples/StarterContent/Content/StarterContent/Textures/T_Brick_Clay_New_M.uasset" to "../../../../../Document/GitHub/No_name/MyProject/Content/StarterContent/Textures/T_Brick_Clay_New_M.uasset"
[2017.09.27-18.54.17:253][  0]LogPackFactory: Copied "../../../Samples/StarterContent/Content/StarterContent/Textures/T_Brick_Clay_New_N.uasset" to "../../../../../Document/GitHub/No_name/MyProject/Content/StarterContent/Textures/T_Brick_Clay_New_N.uasset"
[2017.09.27-18.54.17:310][  0]LogPackFactory: Copied "../../../Samples/StarterContent/Content/StarterContent/Textures/T_Brick_Clay_Old_D.uasset" to "../../../../../Document/GitHub/No_name/MyProject/Content/StarterContent/Textures/T_Brick_Clay_Old_D.uasset"
[2017.09.27-18.54.17:349][  0]LogPackFactory: Copied "../../../Samples/StarterContent/Content/StarterContent/Textures/T_Brick_Clay_Old_N.uasset" to "../../../../../Document/GitHub/No_name/MyProject/Content/StarterContent/Textures/T_Brick_Clay_Old_N.uasset"
[2017.09.27-18.54.17:429][  0]LogPackFactory: Copied "../../../Samples/StarterContent/Content/StarterContent/Textures/T_Brick_Cut_Stone_D.uasset" to "../../../../../Document/GitHub/No_name/MyProject/Content/StarterContent/Textures/T_Brick_Cut_Stone_D.uasset"
[2017.09.27-18.54.17:476][  0]LogPackFactory: Copied "../../../Samples/StarterContent/Content/StarterContent/Textures/T_Brick_Cut_Stone_N.uasset" to "../../../../../Document/GitHub/No_name/MyProject/Content/StarterContent/Textures/T_Brick_Cut_Stone_N.uasset"
[2017.09.27-18.54.17:527][  0]LogPackFactory: Copied "../../../Samples/StarterContent/Content/StarterContent/Textures/T_Brick_Hewn_Stone_D.uasset" to "../../../../../Document/GitHub/No_name/MyProject/Content/StarterContent/Textures/T_Brick_Hewn_Stone_D.uasset"
[2017.09.27-18.54.17:571][  0]LogPackFactory: Copied "../../../Samples/StarterContent/Content/StarterContent/Textures/T_Brick_Hewn_Stone_M.uasset" to "../../../../../Document/GitHub/No_name/MyProject/Content/StarterContent/Textures/T_Brick_Hewn_Stone_M.uasset"
[2017.09.27-18.54.17:630][  0]LogPackFactory: Copied "../../../Samples/StarterContent/Content/StarterContent/Textures/T_Brick_Hewn_Stone_N.uasset" to "../../../../../Document/GitHub/No_name/MyProject/Content/StarterContent/Textures/T_Brick_Hewn_Stone_N.uasset"
[2017.09.27-18.54.17:641][  0]LogPackFactory: Copied "../../../Samples/StarterContent/Content/StarterContent/Textures/T_Burst_M.uasset" to "../../../../../Document/GitHub/No_name/MyProject/Content/StarterContent/Textures/T_Burst_M.uasset"
[2017.09.27-18.54.17:659][  0]LogPackFactory: Copied "../../../Samples/StarterContent/Content/StarterContent/Textures/T_Bush_D.uasset" to "../../../../../Document/GitHub/No_name/MyProject/Content/StarterContent/Textures/T_Bush_D.uasset"
[2017.09.27-18.54.17:678][  0]LogPackFactory: Copied "../../../Samples/StarterContent/Content/StarterContent/Textures/T_Bush_N.uasset" to "../../../../../Document/GitHub/No_name/MyProject/Content/StarterContent/Textures/T_Bush_N.uasset"
[2017.09.27-18.54.17:681][  0]LogPackFactory: Copied "../../../Samples/StarterContent/Content/StarterContent/Textures/T_Ceramic_Tile_M.uasset" to "../../../../../Document/GitHub/No_name/MyProject/Content/StarterContent/Textures/T_Ceramic_Tile_M.uasset"
[2017.09.27-18.54.17:693][  0]LogPackFactory: Copied "../../../Samples/StarterContent/Content/StarterContent/Textures/T_Ceramic_Tile_N.uasset" to "../../../../../Document/GitHub/No_name/MyProject/Content/StarterContent/Textures/T_Ceramic_Tile_N.uasset"
[2017.09.27-18.54.17:707][  0]LogPackFactory: Copied "../../../Samples/StarterContent/Content/StarterContent/Textures/T_Chair_M.uasset" to "../../../../../Document/GitHub/No_name/MyProject/Content/StarterContent/Textures/T_Chair_M.uasset"
[2017.09.27-18.54.17:727][  0]LogPackFactory: Copied "../../../Samples/StarterContent/Content/StarterContent/Textures/T_Chair_N.uasset" to "../../../../../Document/GitHub/No_name/MyProject/Content/StarterContent/Textures/T_Chair_N.uasset"
[2017.09.27-18.54.17:734][  0]LogPackFactory: Copied "../../../Samples/StarterContent/Content/StarterContent/Textures/T_Checker_Noise_M.uasset" to "../../../../../Document/GitHub/No_name/MyProject/Content/StarterContent/Textures/T_Checker_Noise_M.uasset"
[2017.09.27-18.54.17:813][  0]LogPackFactory: Copied "../../../Samples/StarterContent/Content/StarterContent/Textures/T_CobbleStone_Pebble_D.uasset" to "../../../../../Document/GitHub/No_name/MyProject/Content/StarterContent/Textures/T_CobbleStone_Pebble_D.uasset"
[2017.09.27-18.54.17:832][  0]LogPackFactory: Copied "../../../Samples/StarterContent/Content/StarterContent/Textures/T_CobbleStone_Pebble_M.uasset" to "../../../../../Document/GitHub/No_name/MyProject/Content/StarterContent/Textures/T_CobbleStone_Pebble_M.uasset"
[2017.09.27-18.54.17:910][  0]LogPackFactory: Copied "../../../Samples/StarterContent/Content/StarterContent/Textures/T_CobbleStone_Pebble_N.uasset" to "../../../../../Document/GitHub/No_name/MyProject/Content/StarterContent/Textures/T_CobbleStone_Pebble_N.uasset"
[2017.09.27-18.54.17:937][  0]LogPackFactory: Copied "../../../Samples/StarterContent/Content/StarterContent/Textures/T_CobbleStone_Rough_D.uasset" to "../../../../../Document/GitHub/No_name/MyProject/Content/StarterContent/Textures/T_CobbleStone_Rough_D.uasset"
[2017.09.27-18.54.17:957][  0]LogPackFactory: Copied "../../../Samples/StarterContent/Content/StarterContent/Textures/T_CobbleStone_Rough_N.uasset" to "../../../../../Document/GitHub/No_name/MyProject/Content/StarterContent/Textures/T_CobbleStone_Rough_N.uasset"
[2017.09.27-18.54.17:995][  0]LogPackFactory: Copied "../../../Samples/StarterContent/Content/StarterContent/Textures/T_CobbleStone_Smooth_D.uasset" to "../../../../../Document/GitHub/No_name/MyProject/Content/StarterContent/Textures/T_CobbleStone_Smooth_D.uasset"
[2017.09.27-18.54.18:033][  0]LogPackFactory: Copied "../../../Samples/StarterContent/Content/StarterContent/Textures/T_CobbleStone_Smooth_M.uasset" to "../../../../../Document/GitHub/No_name/MyProject/Content/StarterContent/Textures/T_CobbleStone_Smooth_M.uasset"
[2017.09.27-18.54.19:350][  0]LogPackFactory: Copied "../../../Samples/StarterContent/Content/StarterContent/Textures/T_CobbleStone_Smooth_N.uasset" to "../../../../../Document/GitHub/No_name/MyProject/Content/StarterContent/Textures/T_CobbleStone_Smooth_N.uasset"
[2017.09.27-18.54.21:921][  0]LogPackFactory: Copied "../../../Samples/StarterContent/Content/StarterContent/Textures/T_Concrete_Grime_D.uasset" to "../../../../../Document/GitHub/No_name/MyProject/Content/StarterContent/Textures/T_Concrete_Grime_D.uasset"
[2017.09.27-18.54.24:286][  0]LogPackFactory: Copied "../../../Samples/StarterContent/Content/StarterContent/Textures/T_Concrete_Panels_D.uasset" to "../../../../../Document/GitHub/No_name/MyProject/Content/StarterContent/Textures/T_Concrete_Panels_D.uasset"
[2017.09.27-18.54.24:335][  0]LogPackFactory: Copied "../../../Samples/StarterContent/Content/StarterContent/Textures/T_Concrete_Panels_N.uasset" to "../../../../../Document/GitHub/No_name/MyProject/Content/StarterContent/Textures/T_Concrete_Panels_N.uasset"
[2017.09.27-18.54.24:405][  0]LogPackFactory: Copied "../../../Samples/StarterContent/Content/StarterContent/Textures/T_Concrete_Poured_D.uasset" to "../../../../../Document/GitHub/No_name/MyProject/Content/StarterContent/Textures/T_Concrete_Poured_D.uasset"
[2017.09.27-18.54.24:452][  0]LogPackFactory: Copied "../../../Samples/StarterContent/Content/StarterContent/Textures/T_Concrete_Poured_N.uasset" to "../../../../../Document/GitHub/No_name/MyProject/Content/StarterContent/Textures/T_Concrete_Poured_N.uasset"
[2017.09.27-18.54.24:490][  0]LogPackFactory: Copied "../../../Samples/StarterContent/Content/StarterContent/Textures/T_Concrete_Tiles_D.uasset" to "../../../../../Document/GitHub/No_name/MyProject/Content/StarterContent/Textures/T_Concrete_Tiles_D.uasset"
[2017.09.27-18.54.24:532][  0]LogPackFactory: Copied "../../../Samples/StarterContent/Content/StarterContent/Textures/T_Concrete_Tiles_M.uasset" to "../../../../../Document/GitHub/No_name/MyProject/Content/StarterContent/Textures/T_Concrete_Tiles_M.uasset"
[2017.09.27-18.54.24:571][  0]LogPackFactory: Copied "../../../Samples/StarterContent/Content/StarterContent/Textures/T_Concrete_Tiles_N.uasset" to "../../../../../Document/GitHub/No_name/MyProject/Content/StarterContent/Textures/T_Concrete_Tiles_N.uasset"
[2017.09.27-18.54.24:582][  0]LogPackFactory: Copied "../../../Samples/StarterContent/Content/StarterContent/Textures/T_Concrete_Tiles_Variation_M.uasset" to "../../../../../Document/GitHub/No_name/MyProject/Content/StarterContent/Textures/T_Concrete_Tiles_Variation_M.uasset"
[2017.09.27-18.54.24:611][  0]LogPackFactory: Copied "../../../Samples/StarterContent/Content/StarterContent/Textures/T_Detail_Rocky_N.uasset" to "../../../../../Document/GitHub/No_name/MyProject/Content/StarterContent/Textures/T_Detail_Rocky_N.uasset"
[2017.09.27-18.54.24:623][  0]LogPackFactory: Copied "../../../Samples/StarterContent/Content/StarterContent/Textures/T_Door_M.uasset" to "../../../../../Document/GitHub/No_name/MyProject/Content/StarterContent/Textures/T_Door_M.uasset"
[2017.09.27-18.54.24:650][  0]LogPackFactory: Copied "../../../Samples/StarterContent/Content/StarterContent/Textures/T_Door_N.uasset" to "../../../../../Document/GitHub/No_name/MyProject/Content/StarterContent/Textures/T_Door_N.uasset"
[2017.09.27-18.54.24:662][  0]LogPackFactory: Copied "../../../Samples/StarterContent/Content/StarterContent/Textures/T_Dust_Particle_D.uasset" to "../../../../../Document/GitHub/No_name/MyProject/Content/StarterContent/Textures/T_Dust_Particle_D.uasset"
[2017.09.27-18.54.24:693][  0]LogPackFactory: Copied "../../../Samples/StarterContent/Content/StarterContent/Textures/T_Explosion_SubUV.uasset" to "../../../../../Document/GitHub/No_name/MyProject/Content/StarterContent/Textures/T_Explosion_SubUV.uasset"
[2017.09.27-18.54.24:708][  0]LogPackFactory: Copied "../../../Samples/StarterContent/Content/StarterContent/Textures/T_Fire_SubUV.uasset" to "../../../../../Document/GitHub/No_name/MyProject/Content/StarterContent/Textures/T_Fire_SubUV.uasset"
[2017.09.27-18.54.24:719][  0]LogPackFactory: Copied "../../../Samples/StarterContent/Content/StarterContent/Textures/T_Fire_Tiled_D.uasset" to "../../../../../Document/GitHub/No_name/MyProject/Content/StarterContent/Textures/T_Fire_Tiled_D.uasset"
[2017.09.27-18.54.24:734][  0]LogPackFactory: Copied "../../../Samples/StarterContent/Content/StarterContent/Textures/T_Frame_M.uasset" to "../../../../../Document/GitHub/No_name/MyProject/Content/StarterContent/Textures/T_Frame_M.uasset"
[2017.09.27-18.54.24:753][  0]LogPackFactory: Copied "../../../Samples/StarterContent/Content/StarterContent/Textures/T_Frame_N.uasset" to "../../../../../Document/GitHub/No_name/MyProject/Content/StarterContent/Textures/T_Frame_N.uasset"
[2017.09.27-18.54.24:766][  0]LogPackFactory: Copied "../../../Samples/StarterContent/Content/StarterContent/Textures/T_Gradinet_01.uasset" to "../../../../../Document/GitHub/No_name/MyProject/Content/StarterContent/Textures/T_Gradinet_01.uasset"
[2017.09.27-18.54.24:840][  0]LogPackFactory: Copied "../../../Samples/StarterContent/Content/StarterContent/Textures/T_Ground_Grass_D.uasset" to "../../../../../Document/GitHub/No_name/MyProject/Content/StarterContent/Textures/T_Ground_Grass_D.uasset"
[2017.09.27-18.54.24:945][  0]LogPackFactory: Copied "../../../Samples/StarterContent/Content/StarterContent/Textures/T_Ground_Grass_N.uasset" to "../../../../../Document/GitHub/No_name/MyProject/Content/StarterContent/Textures/T_Ground_Grass_N.uasset"
[2017.09.27-18.54.25:008][  0]LogPackFactory: Copied "../../../Samples/StarterContent/Content/StarterContent/Textures/T_Ground_Gravel_D.uasset" to "../../../../../Document/GitHub/No_name/MyProject/Content/StarterContent/Textures/T_Ground_Gravel_D.uasset"
[2017.09.27-18.54.25:058][  0]LogPackFactory: Copied "../../../Samples/StarterContent/Content/StarterContent/Textures/T_Ground_Gravel_N.uasset" to "../../../../../Document/GitHub/No_name/MyProject/Content/StarterContent/Textures/T_Ground_Gravel_N.uasset"
[2017.09.27-18.54.25:140][  0]LogPackFactory: Copied "../../../Samples/StarterContent/Content/StarterContent/Textures/T_ground_Moss_D.uasset" to "../../../../../Document/GitHub/No_name/MyProject/Content/StarterContent/Textures/T_ground_Moss_D.uasset"
[2017.09.27-18.54.26:018][  0]LogPackFactory: Copied "../../../Samples/StarterContent/Content/StarterContent/Textures/T_Ground_Moss_N.uasset" to "../../../../../Document/GitHub/No_name/MyProject/Content/StarterContent/Textures/T_Ground_Moss_N.uasset"
[2017.09.27-18.54.26:033][  0]LogPackFactory: Copied "../../../Samples/StarterContent/Content/StarterContent/Textures/T_Lamp_M.uasset" to "../../../../../Document/GitHub/No_name/MyProject/Content/StarterContent/Textures/T_Lamp_M.uasset"
[2017.09.27-18.54.26:053][  0]LogPackFactory: Copied "../../../Samples/StarterContent/Content/StarterContent/Textures/T_Lamp_N.uasset" to "../../../../../Document/GitHub/No_name/MyProject/Content/StarterContent/Textures/T_Lamp_N.uasset"
[2017.09.27-18.54.26:122][  0]LogPackFactory: Copied "../../../Samples/StarterContent/Content/StarterContent/Textures/T_MacroVariation.uasset" to "../../../../../Document/GitHub/No_name/MyProject/Content/StarterContent/Textures/T_MacroVariation.uasset"
[2017.09.27-18.54.26:184][  0]LogPackFactory: Copied "../../../Samples/StarterContent/Content/StarterContent/Textures/T_Metal_Aluminum_D.uasset" to "../../../../../Document/GitHub/No_name/MyProject/Content/StarterContent/Textures/T_Metal_Aluminum_D.uasset"
[2017.09.27-18.54.26:229][  0]LogPackFactory: Copied "../../../Samples/StarterContent/Content/StarterContent/Textures/T_Metal_Copper_D.uasset" to "../../../../../Document/GitHub/No_name/MyProject/Content/StarterContent/Textures/T_Metal_Copper_D.uasset"
[2017.09.27-18.54.26:431][  0]LogPackFactory: Copied "../../../Samples/StarterContent/Content/StarterContent/Textures/T_Metal_Gold_D.uasset" to "../../../../../Document/GitHub/No_name/MyProject/Content/StarterContent/Textures/T_Metal_Gold_D.uasset"
[2017.09.27-18.54.26:459][  0]LogPackFactory: Copied "../../../Samples/StarterContent/Content/StarterContent/Textures/T_Metal_Gold_N.uasset" to "../../../../../Document/GitHub/No_name/MyProject/Content/StarterContent/Textures/T_Metal_Gold_N.uasset"
[2017.09.27-18.54.26:527][  0]LogPackFactory: Copied "../../../Samples/StarterContent/Content/StarterContent/Textures/T_Metal_Rust_D.uasset" to "../../../../../Document/GitHub/No_name/MyProject/Content/StarterContent/Textures/T_Metal_Rust_D.uasset"
[2017.09.27-18.54.27:090][  0]LogPackFactory: Copied "../../../Samples/StarterContent/Content/StarterContent/Textures/T_Metal_Rust_N.uasset" to "../../../../../Document/GitHub/No_name/MyProject/Content/StarterContent/Textures/T_Metal_Rust_N.uasset"
[2017.09.27-18.54.27:121][  0]LogPackFactory: Copied "../../../Samples/StarterContent/Content/StarterContent/Textures/T_Metal_Steel_D.uasset" to "../../../../../Document/GitHub/No_name/MyProject/Content/StarterContent/Textures/T_Metal_Steel_D.uasset"
[2017.09.27-18.54.27:161][  0]LogPackFactory: Copied "../../../Samples/StarterContent/Content/StarterContent/Textures/T_Metal_Steel_N.uasset" to "../../../../../Document/GitHub/No_name/MyProject/Content/StarterContent/Textures/T_Metal_Steel_N.uasset"
[2017.09.27-18.54.27:213][  0]LogPackFactory: Copied "../../../Samples/StarterContent/Content/StarterContent/Textures/T_Perlin_Noise_M.uasset" to "../../../../../Document/GitHub/No_name/MyProject/Content/StarterContent/Textures/T_Perlin_Noise_M.uasset"
[2017.09.27-18.54.27:236][  0]LogPackFactory: Copied "../../../Samples/StarterContent/Content/StarterContent/Textures/T_RockMesh_M.uasset" to "../../../../../Document/GitHub/No_name/MyProject/Content/StarterContent/Textures/T_RockMesh_M.uasset"
[2017.09.27-18.54.27:276][  0]LogPackFactory: Copied "../../../Samples/StarterContent/Content/StarterContent/Textures/T_RockMesh_N.uasset" to "../../../../../Document/GitHub/No_name/MyProject/Content/StarterContent/Textures/T_RockMesh_N.uasset"
[2017.09.27-18.54.27:332][  0]LogPackFactory: Copied "../../../Samples/StarterContent/Content/StarterContent/Textures/T_Rock_Basalt_D.uasset" to "../../../../../Document/GitHub/No_name/MyProject/Content/StarterContent/Textures/T_Rock_Basalt_D.uasset"
[2017.09.27-18.54.27:373][  0]LogPackFactory: Copied "../../../Samples/StarterContent/Content/StarterContent/Textures/T_Rock_Basalt_N.uasset" to "../../../../../Document/GitHub/No_name/MyProject/Content/StarterContent/Textures/T_Rock_Basalt_N.uasset"
[2017.09.27-18.54.27:418][  0]LogPackFactory: Copied "../../../Samples/StarterContent/Content/StarterContent/Textures/T_Rock_Marble_Polished_D.uasset" to "../../../../../Document/GitHub/No_name/MyProject/Content/StarterContent/Textures/T_Rock_Marble_Polished_D.uasset"
[2017.09.27-18.54.27:475][  0]LogPackFactory: Copied "../../../Samples/StarterContent/Content/StarterContent/Textures/T_Rock_Sandstone_D.uasset" to "../../../../../Document/GitHub/No_name/MyProject/Content/StarterContent/Textures/T_Rock_Sandstone_D.uasset"
[2017.09.27-18.54.27:527][  0]LogPackFactory: Copied "../../../Samples/StarterContent/Content/StarterContent/Textures/T_Rock_Sandstone_N.uasset" to "../../../../../Document/GitHub/No_name/MyProject/Content/StarterContent/Textures/T_Rock_Sandstone_N.uasset"
[2017.09.27-18.54.27:595][  0]LogPackFactory: Copied "../../../Samples/StarterContent/Content/StarterContent/Textures/T_Rock_Slate_D.uasset" to "../../../../../Document/GitHub/No_name/MyProject/Content/StarterContent/Textures/T_Rock_Slate_D.uasset"
[2017.09.27-18.54.27:646][  0]LogPackFactory: Copied "../../../Samples/StarterContent/Content/StarterContent/Textures/T_Rock_Slate_N.uasset" to "../../../../../Document/GitHub/No_name/MyProject/Content/StarterContent/Textures/T_Rock_Slate_N.uasset"
[2017.09.27-18.54.27:885][  0]LogPackFactory: Copied "../../../Samples/StarterContent/Content/StarterContent/Textures/T_Rock_Smooth_Granite_D.uasset" to "../../../../../Document/GitHub/No_name/MyProject/Content/StarterContent/Textures/T_Rock_Smooth_Granite_D.uasset"
[2017.09.27-18.54.27:914][  0]LogPackFactory: Copied "../../../Samples/StarterContent/Content/StarterContent/Textures/T_Shelf_M.uasset" to "../../../../../Document/GitHub/No_name/MyProject/Content/StarterContent/Textures/T_Shelf_M.uasset"
[2017.09.27-18.54.28:745][  0]LogPackFactory: Copied "../../../Samples/StarterContent/Content/StarterContent/Textures/T_Shelf_N.uasset" to "../../../../../Document/GitHub/No_name/MyProject/Content/StarterContent/Textures/T_Shelf_N.uasset"
[2017.09.27-18.54.28:757][  0]LogPackFactory: Copied "../../../Samples/StarterContent/Content/StarterContent/Textures/T_Single_Tile_N.uasset" to "../../../../../Document/GitHub/No_name/MyProject/Content/StarterContent/Textures/T_Single_Tile_N.uasset"
[2017.09.27-18.54.28:785][  0]LogPackFactory: Copied "../../../Samples/StarterContent/Content/StarterContent/Textures/T_Smoke_SubUV.uasset" to "../../../../../Document/GitHub/No_name/MyProject/Content/StarterContent/Textures/T_Smoke_SubUV.uasset"
[2017.09.27-18.54.28:801][  0]LogPackFactory: Copied "../../../Samples/StarterContent/Content/StarterContent/Textures/T_Smoke_Tiled_D.uasset" to "../../../../../Document/GitHub/No_name/MyProject/Content/StarterContent/Textures/T_Smoke_Tiled_D.uasset"
[2017.09.27-18.54.28:817][  0]LogPackFactory: Copied "../../../Samples/StarterContent/Content/StarterContent/Textures/T_Spark_Core.uasset" to "../../../../../Document/GitHub/No_name/MyProject/Content/StarterContent/Textures/T_Spark_Core.uasset"
[2017.09.27-18.54.28:830][  0]LogPackFactory: Copied "../../../Samples/StarterContent/Content/StarterContent/Textures/T_Statue_M.uasset" to "../../../../../Document/GitHub/No_name/MyProject/Content/StarterContent/Textures/T_Statue_M.uasset"
[2017.09.27-18.54.28:849][  0]LogPackFactory: Copied "../../../Samples/StarterContent/Content/StarterContent/Textures/T_Statue_N.uasset" to "../../../../../Document/GitHub/No_name/MyProject/Content/StarterContent/Textures/T_Statue_N.uasset"
[2017.09.27-18.54.28:862][  0]LogPackFactory: Copied "../../../Samples/StarterContent/Content/StarterContent/Textures/T_TableRound_M.uasset" to "../../../../../Document/GitHub/No_name/MyProject/Content/StarterContent/Textures/T_TableRound_M.uasset"
[2017.09.27-18.54.28:883][  0]LogPackFactory: Copied "../../../Samples/StarterContent/Content/StarterContent/Textures/T_TableRound_N.uasset" to "../../../../../Document/GitHub/No_name/MyProject/Content/StarterContent/Textures/T_TableRound_N.uasset"
[2017.09.27-18.54.28:899][  0]LogPackFactory: Copied "../../../Samples/StarterContent/Content/StarterContent/Textures/T_Tech_Dot_M.uasset" to "../../../../../Document/GitHub/No_name/MyProject/Content/StarterContent/Textures/T_Tech_Dot_M.uasset"
[2017.09.27-18.54.28:901][  0]LogPackFactory: Copied "../../../Samples/StarterContent/Content/StarterContent/Textures/T_Tech_Dot_N.uasset" to "../../../../../Document/GitHub/No_name/MyProject/Content/StarterContent/Textures/T_Tech_Dot_N.uasset"
[2017.09.27-18.54.28:916][  0]LogPackFactory: Copied "../../../Samples/StarterContent/Content/StarterContent/Textures/T_Tech_Hex_Tile_M.uasset" to "../../../../../Document/GitHub/No_name/MyProject/Content/StarterContent/Textures/T_Tech_Hex_Tile_M.uasset"
[2017.09.27-18.54.28:929][  0]LogPackFactory: Copied "../../../Samples/StarterContent/Content/StarterContent/Textures/T_Tech_Hex_Tile_N.uasset" to "../../../../../Document/GitHub/No_name/MyProject/Content/StarterContent/Textures/T_Tech_Hex_Tile_N.uasset"
[2017.09.27-18.54.28:946][  0]LogPackFactory: Copied "../../../Samples/StarterContent/Content/StarterContent/Textures/T_Tech_Panel_M.uasset" to "../../../../../Document/GitHub/No_name/MyProject/Content/StarterContent/Textures/T_Tech_Panel_M.uasset"
[2017.09.27-18.54.28:973][  0]LogPackFactory: Copied "../../../Samples/StarterContent/Content/StarterContent/Textures/T_Tech_Panel_N.uasset" to "../../../../../Document/GitHub/No_name/MyProject/Content/StarterContent/Textures/T_Tech_Panel_N.uasset"
[2017.09.27-18.54.28:994][  0]LogPackFactory: Copied "../../../Samples/StarterContent/Content/StarterContent/Textures/T_Water_M.uasset" to "../../../../../Document/GitHub/No_name/MyProject/Content/StarterContent/Textures/T_Water_M.uasset"
[2017.09.27-18.54.29:015][  0]LogPackFactory: Copied "../../../Samples/StarterContent/Content/StarterContent/Textures/T_Water_N.uasset" to "../../../../../Document/GitHub/No_name/MyProject/Content/StarterContent/Textures/T_Water_N.uasset"
[2017.09.27-18.54.29:078][  0]LogPackFactory: Copied "../../../Samples/StarterContent/Content/StarterContent/Textures/T_Wood_Floor_Walnut_D.uasset" to "../../../../../Document/GitHub/No_name/MyProject/Content/StarterContent/Textures/T_Wood_Floor_Walnut_D.uasset"
[2017.09.27-18.54.29:108][  0]LogPackFactory: Copied "../../../Samples/StarterContent/Content/StarterContent/Textures/T_Wood_Floor_Walnut_M.uasset" to "../../../../../Document/GitHub/No_name/MyProject/Content/StarterContent/Textures/T_Wood_Floor_Walnut_M.uasset"
[2017.09.27-18.54.29:131][  0]LogPackFactory: Copied "../../../Samples/StarterContent/Content/StarterContent/Textures/T_Wood_Floor_Walnut_N.uasset" to "../../../../../Document/GitHub/No_name/MyProject/Content/StarterContent/Textures/T_Wood_Floor_Walnut_N.uasset"
[2017.09.27-18.54.29:438][  0]LogPackFactory: Copied "../../../Samples/StarterContent/Content/StarterContent/Textures/T_Wood_Oak_D.uasset" to "../../../../../Document/GitHub/No_name/MyProject/Content/StarterContent/Textures/T_Wood_Oak_D.uasset"
[2017.09.27-18.54.30:372][  0]LogPackFactory: Copied "../../../Samples/StarterContent/Content/StarterContent/Textures/T_Wood_Oak_N.uasset" to "../../../../../Document/GitHub/No_name/MyProject/Content/StarterContent/Textures/T_Wood_Oak_N.uasset"
[2017.09.27-18.54.30:425][  0]LogPackFactory: Copied "../../../Samples/StarterContent/Content/StarterContent/Textures/T_Wood_Pine_D.uasset" to "../../../../../Document/GitHub/No_name/MyProject/Content/StarterContent/Textures/T_Wood_Pine_D.uasset"
[2017.09.27-18.54.30:447][  0]LogPackFactory: Copied "../../../Samples/StarterContent/Content/StarterContent/Textures/T_Wood_Pine_N.uasset" to "../../../../../Document/GitHub/No_name/MyProject/Content/StarterContent/Textures/T_Wood_Pine_N.uasset"
[2017.09.27-18.54.30:485][  0]LogPackFactory: Copied "../../../Samples/StarterContent/Content/StarterContent/Textures/T_Wood_Walnut_D.uasset" to "../../../../../Document/GitHub/No_name/MyProject/Content/StarterContent/Textures/T_Wood_Walnut_D.uasset"
[2017.09.27-18.54.30:513][  0]LogPackFactory: Copied "../../../Samples/StarterContent/Content/StarterContent/Textures/T_Wood_Walnut_N.uasset" to "../../../../../Document/GitHub/No_name/MyProject/Content/StarterContent/Textures/T_Wood_Walnut_N.uasset"
[2017.09.27-18.54.30:688][  0]LogRenderer: Reallocating scene render targets to support 256x256 Format 10 NumSamples 1 (Frame:1).
[2017.09.27-18.54.30:746][  0]Cmd: OBJ SAVEPACKAGE PACKAGE="/Game/StarterContent/Architecture/Floor_400x400" FILE="../../../../../Document/GitHub/No_name/MyProject/Content/StarterContent/Architecture/Floor_400x400.uasset" SILENT=true
[2017.09.27-18.54.30:761][  0]LogSavePackage: Save=11.50ms
[2017.09.27-18.54.30:761][  0]LogSavePackage: Moving '../../../../../Document/GitHub/No_name/MyProject/Saved/Floor_400x40059A7A03D47A559B4DF31D4BCC4B3D48F.tmp' to '../../../../../Document/GitHub/No_name/MyProject/Content/StarterContent/Architecture/Floor_400x400.uasset'
[2017.09.27-18.54.30:766][  0]LogSavePackage: Display: Finished SavePackage ../../../../../Document/GitHub/No_name/MyProject/Content/StarterContent/Architecture/Floor_400x400.uasset
[2017.09.27-18.54.30:766][  0]LogFeaturePack: Warning: Inserted 1 feature packs
[2017.09.27-18.54.30:768][  0]Cmd: MAP LOAD FILE="../../../../../Document/GitHub/No_name/MyProject/Content/StarterContent/Maps/Minimal_Default.umap" TEMPLATE=0 SHOWPROGRESS=1 FEATURELEVEL=3
[2017.09.27-18.54.30:768][  0]LightingResults: New page: Lighting Build
[2017.09.27-18.54.30:803][  0]MapCheck: New page: Map Check
[2017.09.27-18.54.30:803][  0]LightingResults: New page: Lighting Build
[2017.09.27-18.54.31:735][  0]LogAIModule: Creating AISystem for world Minimal_Default
[2017.09.27-18.54.31:825][  0]LogEditorServer: Finished looking for orphan Actors (0.000 secs)
[2017.09.27-18.54.31:838][  0]Cmd: MAP CHECKDEP NOCLEARLOG
[2017.09.27-18.54.31:909][  0]MapCheck: Map check complete: 0 Error(s), 0 Warning(s), took 71.267ms to complete.
[2017.09.27-18.54.31:909][  0]LogFileHelpers: Loading map 'Minimal_Default' took 1.142
[2017.09.27-18.54.31:993][  0]LogWindowsTextInputMethodSystem: Display: IME system now deactivated.
[2017.09.27-18.54.31:993][  0]LogWindowsTextInputMethodSystem: Display: IME system now deactivated.
[2017.09.27-18.54.32:519][  0]LogCollectionManager: Loaded 0 collections in 0.000857 seconds
[2017.09.27-18.54.32:605][  0]LogFileCache: Scanning file cache for directory 'F:/Document/GitHub/No_name/MyProject/Saved/Collections/' took 0.01s
[2017.09.27-18.54.32:605][  0]LogFileCache: Scanning file cache for directory 'F:/Document/GitHub/No_name/MyProject/Content/Developers/Utilisateur/Collections/' took 0.01s
[2017.09.27-18.54.32:605][  0]LogFileCache: Scanning file cache for directory 'F:/Document/GitHub/No_name/MyProject/Content/Collections/' took 0.01s
[2017.09.27-18.54.32:605][  0]LogCollectionManager: Rebuilt the GUID cache for 0 collections in 0.000000 seconds
[2017.09.27-18.54.32:615][  0]LogContentBrowser: Native class hierarchy populated in 0.0101 seconds. Added 2386 classes and 500 folders.
[2017.09.27-18.54.32:669][  0]LogContentBrowser: Native class hierarchy updated for 'WidgetCarousel' in 0.0008 seconds. Added 0 classes and 0 folders.
[2017.09.27-18.54.33:163][  0]LogContentBrowser: Native class hierarchy updated for 'AddContentDialog' in 0.0010 seconds. Added 0 classes and 0 folders.
[2017.09.27-18.54.33:245][  0]LogContentBrowser: Native class hierarchy updated for 'SceneOutliner' in 0.0010 seconds. Added 1 classes and 2 folders.
[2017.09.27-18.54.33:338][  0]LogSlate: Took 0.000236 seconds to synchronously load lazily loaded font '../../../Engine/Content/Slate/Fonts/Roboto-Regular.ttf' (155K)
[2017.09.27-18.54.33:340][  0]LogSlate: Took 0.000256 seconds to synchronously load lazily loaded font '../../../Engine/Content/Slate/Fonts/Roboto-Bold.ttf' (160K)
[2017.09.27-18.54.33:379][  0]LogSlate: Took 0.032973 seconds to synchronously load lazily loaded font '../../../Engine/Content/Editor/Slate/Fonts/FontAwesome.ttf' (139K)
[2017.09.27-18.54.33:675][  0]LogRenderer: Reallocating scene render targets to support 1220x576 Format 10 NumSamples 1 (Frame:1).
[2017.09.27-18.54.33:725][  0]LogSlate: Took 0.000456 seconds to synchronously load lazily loaded font '../../../Engine/Content/Slate/Fonts/Roboto-Light.ttf' (159K)
[2017.09.27-18.54.33:913][  0]LogContentBrowser: Native class hierarchy updated for 'HierarchicalLODOutliner' in 0.0009 seconds. Added 1 classes and 2 folders.
[2017.09.27-18.54.33:914][  0]LogLoad: (Engine Initialization) Total time: 35.23 seconds
[2017.09.27-18.54.33:914][  0]LogLoad: (Engine Initialization) Total Blueprint compile time: 0.00 seconds
[2017.09.27-18.54.33:914][  0]LogExternalProfiler: No external profilers were discovered.  External profiling features will not be available.
[2017.09.27-18.54.33:945][  0]LogAssetRegistry: Asset discovery search completed in 28.4706 seconds
[2017.09.27-18.54.33:946][  0]LogCollectionManager: Rebuilt the object cache for 0 collections in 0.000000 seconds (found 0 objects)
[2017.09.27-18.54.33:946][  0]LogCollectionManager: Fixed up redirectors for 0 collections in 0.000041 seconds (updated 0 objects)
[2017.09.27-18.54.34:053][  0]LogContentStreaming: Texture pool size now 1000 MB
[2017.09.27-18.58.51:097][ 61]LogEditorViewport: Clicking on Actor (LMB): BP_Sky_Sphere_C (BP_Sky_Sphere)
[2017.09.27-18.58.57:922][856]LogTemp: Repeating last play command: Selected Viewport
[2017.09.27-18.58.58:026][856]LogBlueprintUserMessages: Early PlayInEditor Detection: Level '/Game/StarterContent/Maps/Minimal_Default.Minimal_Default:PersistentLevel' has LevelScriptBlueprint '/Game/StarterContent/Maps/Minimal_Default.Minimal_Default:PersistentLevel.Minimal_Default' with GeneratedClass '/Game/StarterContent/Maps/Minimal_Default.Minimal_Default_C' with ClassGeneratedBy '/Game/StarterContent/Maps/Minimal_Default.Minimal_Default:PersistentLevel.Minimal_Default'
[2017.09.27-18.58.58:026][856]LogPlayLevel: PlayLevel: No blueprints needed recompiling
[2017.09.27-18.58.58:027][856]PIE: New page: PIE session: Minimal_Default (Sep 27, 2017, 10:58:58 PM)
[2017.09.27-18.58.58:027][856]LogPlayLevel: Creating play world package: /Game/StarterContent/Maps/UEDPIE_0_Minimal_Default
[2017.09.27-18.58.58:056][856]LogPlayLevel: PIE: StaticDuplicateObject took: (0.028797s)
[2017.09.27-18.58.58:057][856]LogAIModule: Creating AISystem for world Minimal_Default
[2017.09.27-18.58.58:057][856]LogPlayLevel: PIE: World Init took: (0.000900s)
[2017.09.27-18.58.58:058][856]LogPlayLevel: PIE: Created PIE world by copying editor world from /Game/StarterContent/Maps/Minimal_Default.Minimal_Default to /Game/StarterContent/Maps/UEDPIE_0_Minimal_Default.Minimal_Default (0.029987s)
[2017.09.27-18.58.58:071][856]LogInit: XAudio2 using 'Haut-parleurs (Realtek High Definition Audio)' : 2 channels at 48 kHz using 32 bits per sample (channel mask 0x3)
[2017.09.27-18.58.58:082][856]LogInit: FAudioDevice initialized.
[2017.09.27-18.58.58:126][856]LogLoad: Game class is 'GameModeBase'
[2017.09.27-18.58.58:129][856]LogWorld: Bringing World /Game/StarterContent/Maps/UEDPIE_0_Minimal_Default.Minimal_Default up for play (max tick rate 0) at 2017.09.27-20.58.58
[2017.09.27-18.58.58:129][856]LogWorld: Bringing up level for play took: 0.001549
[2017.09.27-18.58.58:240][856]LogContentBrowser: Native class hierarchy updated for 'MovieSceneCapture' in 0.0008 seconds. Added 11 classes and 0 folders.
[2017.09.27-18.58.58:269][856]PIE: Play in editor start time for /Game/StarterContent/Maps/UEDPIE_0_Minimal_Default 1.182
[2017.09.27-18.58.58:270][856]LogBlueprintUserMessages: Late PlayInEditor Detection: Level '/Game/StarterContent/Maps/Minimal_Default.Minimal_Default:PersistentLevel' has LevelScriptBlueprint '/Game/StarterContent/Maps/Minimal_Default.Minimal_Default:PersistentLevel.Minimal_Default' with GeneratedClass '/Game/StarterContent/Maps/Minimal_Default.Minimal_Default_C' with ClassGeneratedBy '/Game/StarterContent/Maps/Minimal_Default.Minimal_Default:PersistentLevel.Minimal_Default'
[2017.09.27-18.59.09:933][244]LogBlueprintUserMessages: Early EndPlayMap Detection: Level '/Game/StarterContent/Maps/Minimal_Default.Minimal_Default:PersistentLevel' has LevelScriptBlueprint '/Game/StarterContent/Maps/Minimal_Default.Minimal_Default:PersistentLevel.Minimal_Default' with GeneratedClass '/Game/StarterContent/Maps/Minimal_Default.Minimal_Default_C' with ClassGeneratedBy '/Game/StarterContent/Maps/Minimal_Default.Minimal_Default:PersistentLevel.Minimal_Default'
[2017.09.27-18.59.09:973][244]LogBlueprintUserMessages: Late EndPlayMap Detection: Level '/Game/StarterContent/Maps/Minimal_Default.Minimal_Default:PersistentLevel' has LevelScriptBlueprint '/Game/StarterContent/Maps/Minimal_Default.Minimal_Default:PersistentLevel.Minimal_Default' with GeneratedClass '/Game/StarterContent/Maps/Minimal_Default.Minimal_Default_C' with ClassGeneratedBy '/Game/StarterContent/Maps/Minimal_Default.Minimal_Default:PersistentLevel.Minimal_Default'
